[I 2026-01-23 20:06:07.811 ServerApp] jupyter_lsp | extension was successfully linked.
[I 2026-01-23 20:06:07.812 ServerApp] jupyter_server_terminals | extension was successfully linked.
[I 2026-01-23 20:06:07.814 ServerApp] jupyterlab | extension was successfully linked.
[I 2026-01-23 20:06:07.814 ServerApp] jupyterlab_nvdashboard | extension was successfully linked.
[I 2026-01-23 20:06:07.814 ServerApp] jupyterlab_nvidia_nsight | extension was successfully linked.
[I 2026-01-23 20:06:07.931 ServerApp] notebook_shim | extension was successfully linked.
[I 2026-01-23 20:06:07.945 ServerApp] notebook_shim | extension was successfully loaded.
[I 2026-01-23 20:06:07.946 ServerApp] jupyter_lsp | extension was successfully loaded.
[I 2026-01-23 20:06:07.946 ServerApp] jupyter_server_terminals | extension was successfully loaded.
[I 2026-01-23 20:06:07.947 LabApp] JupyterLab extension loaded from /home/aispark/Project/Facial_Rec/.venv/lib/python3.12/site-packages/jupyterlab
[I 2026-01-23 20:06:07.947 LabApp] JupyterLab application directory is /home/aispark/Project/Facial_Rec/.venv/share/jupyter/lab
[I 2026-01-23 20:06:07.947 LabApp] Extension Manager is 'pypi'.
[I 2026-01-23 20:06:07.988 ServerApp] jupyterlab | extension was successfully loaded.
[I 2026-01-23 20:06:07.988 ServerApp] Registered jupyterlab_nvdashboard server extension
[I 2026-01-23 20:06:07.989 ServerApp] jupyterlab_nvdashboard | extension was successfully loaded.
[I 2026-01-23 20:06:07.989 ServerApp] Registered jupyterlab_nvidia_nsight server extension
[I 2026-01-23 20:06:07.989 ServerApp] jupyterlab_nvidia_nsight | extension was successfully loaded.
[I 2026-01-23 20:06:07.989 ServerApp] Serving notebooks from local directory: /home/aispark/Project/Facial_Rec
[I 2026-01-23 20:06:07.989 ServerApp] Jupyter Server 2.17.0 is running at:
[I 2026-01-23 20:06:07.989 ServerApp] http://localhost:11002/lab?token=7e50e5565198f0993e1a907ada7b6c4aaddf11bafeca2414
[I 2026-01-23 20:06:07.989 ServerApp]     http://127.0.0.1:11002/lab?token=7e50e5565198f0993e1a907ada7b6c4aaddf11bafeca2414
[I 2026-01-23 20:06:07.989 ServerApp] Use Control-C to stop this server and shut down all kernels (twice to skip confirmation).
[C 2026-01-23 20:06:07.991 ServerApp] 
    
    To access the server, open this file in a browser:
        file:///home/aispark/.local/share/jupyter/runtime/jpserver-145230-open.html
    Or copy and paste one of these URLs:
        http://localhost:11002/lab?token=7e50e5565198f0993e1a907ada7b6c4aaddf11bafeca2414
        http://127.0.0.1:11002/lab?token=7e50e5565198f0993e1a907ada7b6c4aaddf11bafeca2414
[I 2026-01-23 20:06:07.997 ServerApp] Skipped non-installed server(s): basedpyright, bash-language-server, dockerfile-language-server-nodejs, javascript-typescript-langserver, jedi-language-server, julia-language-server, pyrefly, pyright, python-language-server, python-lsp-server, r-languageserver, sql-language-server, texlab, typescript-language-server, unified-language-server, vscode-css-languageserver-bin, vscode-html-languageserver-bin, vscode-json-languageserver-bin, yaml-language-server
[I 2026-01-23 20:06:10.952 ServerApp] 302 GET /?token=[secret] (@127.0.0.1) 0.23ms
[W 2026-01-23 20:06:12.733 LabApp] Could not determine jupyterlab build status without nodejs
[I 2026-01-23 20:06:13.379 ServerApp] New terminal with automatic name: 2
[W 2026-01-23 20:06:13.590 ServerApp] The websocket_ping_timeout (90000) cannot be longer than the websocket_ping_interval (30000).
    Setting websocket_ping_timeout=30000
[W 2026-01-23 20:06:13.799 ServerApp] 404 GET /api/contents/.venv/lib/python3.12/site-packages/sklearn/base.py?content=0&hash=0&1769198773766 (f1ec6b7d3c544db2b8e8b0eb60b563f1@127.0.0.1) 0.45ms referer=http://localhost:11002/lab
[I 2026-01-23 20:06:13.800 ServerApp] Refusing to serve hidden file or directory '/home/aispark/Project/Facial_Rec/.venv/lib/python3.12/site-packages/sklearn/base.py', via 404 Error
[E 2026-01-23 20:06:13.800 ServerApp] Uncaught exception GET /api/contents/.venv/lib/python3.12/site-packages/sklearn/base.py?content=0&hash=0&1769198773766 (127.0.0.1)
    HTTPServerRequest(protocol='http', host='localhost:11002', method='GET', uri='/api/contents/.venv/lib/python3.12/site-packages/sklearn/base.py?content=0&hash=0&1769198773766', version='HTTP/1.1', remote_ip='127.0.0.1')
    Traceback (most recent call last):
      File "/home/aispark/Project/Facial_Rec/.venv/lib/python3.12/site-packages/jupyter_server/services/contents/handlers.py", line 156, in get
        model = await ensure_async(
                ^^^^^^^^^^^^^^^^^^^
      File "/home/aispark/Project/Facial_Rec/.venv/lib/python3.12/site-packages/jupyter_core/utils/__init__.py", line 214, in ensure_async
        result = await obj
                 ^^^^^^^^^
      File "/home/aispark/Project/Facial_Rec/.venv/lib/python3.12/site-packages/jupyter_server/services/contents/filemanager.py", line 928, in get
        model = await self._file_model(
                ^^^^^^^^^^^^^^^^^^^^^^^
      File "/home/aispark/Project/Facial_Rec/.venv/lib/python3.12/site-packages/jupyter_server/services/contents/filemanager.py", line 829, in _file_model
        model = self._base_model(path)
                ^^^^^^^^^^^^^^^^^^^^^^
      File "/home/aispark/Project/Facial_Rec/.venv/lib/python3.12/site-packages/jupyter_server/services/contents/filemanager.py", line 237, in _base_model
        raise web.HTTPError(404, four_o_four)
    tornado.web.HTTPError: HTTP 404: Not Found (file or directory does not exist: '.venv/lib/python3.12/site-packages/sklearn/base.py')
    
    During handling of the above exception, another exception occurred:
    
    Traceback (most recent call last):
      File "/home/aispark/Project/Facial_Rec/.venv/lib/python3.12/site-packages/tornado/web.py", line 1859, in _execute
        result = await result
                 ^^^^^^^^^^^^
      File "/home/aispark/Project/Facial_Rec/.venv/lib/python3.12/site-packages/jupyter_server/auth/decorator.py", line 73, in inner
        return await out
               ^^^^^^^^^
      File "/home/aispark/Project/Facial_Rec/.venv/lib/python3.12/site-packages/jupyter_server/services/contents/handlers.py", line 182, in get
        await self._finish_error(
      File "/home/aispark/Project/Facial_Rec/.venv/lib/python3.12/site-packages/jupyter_server/services/contents/handlers.py", line 114, in _finish_error
        self.write(message)
      File "/home/aispark/Project/Facial_Rec/.venv/lib/python3.12/site-packages/tornado/web.py", line 974, in write
        raise RuntimeError("Cannot write() after finish()")
    RuntimeError: Cannot write() after finish()
[I 2026-01-23 20:06:13.916 ServerApp] Kernel started: 40d36a4c-bf13-4484-963d-710179362531
[I 2026-01-23 20:06:14.336 ServerApp] Adapting from protocol version 5.3 (kernel 40d36a4c-bf13-4484-963d-710179362531) to 5.4 (client).
[I 2026-01-23 20:06:14.337 ServerApp] Connecting to kernel 40d36a4c-bf13-4484-963d-710179362531.
[I 2026-01-23 20:06:14.402 ServerApp] Adapting from protocol version 5.3 (kernel 40d36a4c-bf13-4484-963d-710179362531) to 5.4 (client).
[I 2026-01-23 20:06:14.403 ServerApp] Connecting to kernel 40d36a4c-bf13-4484-963d-710179362531.
[I 2026-01-23 20:06:14.459 ServerApp] Adapting from protocol version 5.3 (kernel 40d36a4c-bf13-4484-963d-710179362531) to 5.4 (client).
[I 2026-01-23 20:06:14.459 ServerApp] Connecting to kernel 40d36a4c-bf13-4484-963d-710179362531.
[W 2026-01-23 20:06:18.156 ServerApp] 404 GET /api/contents/.venv/lib/python3.12/site-packages/sklearn/base.py?content=0&hash=0&1769198778116 (f1ec6b7d3c544db2b8e8b0eb60b563f1@127.0.0.1) 0.84ms referer=http://localhost:11002/lab
[I 2026-01-23 20:06:18.156 ServerApp] Refusing to serve hidden file or directory '/home/aispark/Project/Facial_Rec/.venv/lib/python3.12/site-packages/sklearn/base.py', via 404 Error
[E 2026-01-23 20:06:18.156 ServerApp] Uncaught exception GET /api/contents/.venv/lib/python3.12/site-packages/sklearn/base.py?content=0&hash=0&1769198778116 (127.0.0.1)
    HTTPServerRequest(protocol='http', host='localhost:11002', method='GET', uri='/api/contents/.venv/lib/python3.12/site-packages/sklearn/base.py?content=0&hash=0&1769198778116', version='HTTP/1.1', remote_ip='127.0.0.1')
    Traceback (most recent call last):
      File "/home/aispark/Project/Facial_Rec/.venv/lib/python3.12/site-packages/jupyter_server/services/contents/handlers.py", line 156, in get
        model = await ensure_async(
                ^^^^^^^^^^^^^^^^^^^
      File "/home/aispark/Project/Facial_Rec/.venv/lib/python3.12/site-packages/jupyter_core/utils/__init__.py", line 214, in ensure_async
        result = await obj
                 ^^^^^^^^^
      File "/home/aispark/Project/Facial_Rec/.venv/lib/python3.12/site-packages/jupyter_server/services/contents/filemanager.py", line 928, in get
        model = await self._file_model(
                ^^^^^^^^^^^^^^^^^^^^^^^
      File "/home/aispark/Project/Facial_Rec/.venv/lib/python3.12/site-packages/jupyter_server/services/contents/filemanager.py", line 829, in _file_model
        model = self._base_model(path)
                ^^^^^^^^^^^^^^^^^^^^^^
      File "/home/aispark/Project/Facial_Rec/.venv/lib/python3.12/site-packages/jupyter_server/services/contents/filemanager.py", line 237, in _base_model
        raise web.HTTPError(404, four_o_four)
    tornado.web.HTTPError: HTTP 404: Not Found (file or directory does not exist: '.venv/lib/python3.12/site-packages/sklearn/base.py')
    
    During handling of the above exception, another exception occurred:
    
    Traceback (most recent call last):
      File "/home/aispark/Project/Facial_Rec/.venv/lib/python3.12/site-packages/tornado/web.py", line 1859, in _execute
        result = await result
                 ^^^^^^^^^^^^
      File "/home/aispark/Project/Facial_Rec/.venv/lib/python3.12/site-packages/jupyter_server/auth/decorator.py", line 73, in inner
        return await out
               ^^^^^^^^^
      File "/home/aispark/Project/Facial_Rec/.venv/lib/python3.12/site-packages/jupyter_server/services/contents/handlers.py", line 182, in get
        await self._finish_error(
      File "/home/aispark/Project/Facial_Rec/.venv/lib/python3.12/site-packages/jupyter_server/services/contents/handlers.py", line 114, in _finish_error
        self.write(message)
      File "/home/aispark/Project/Facial_Rec/.venv/lib/python3.12/site-packages/tornado/web.py", line 974, in write
        raise RuntimeError("Cannot write() after finish()")
    RuntimeError: Cannot write() after finish()
[I 2026-01-23 20:07:05.289 ServerApp] Kernel interrupted: 40d36a4c-bf13-4484-963d-710179362531
[I 2026-01-23 20:07:07.886 ServerApp] Kernel interrupted: 40d36a4c-bf13-4484-963d-710179362531
[I 2026-01-23 20:07:08.606 ServerApp] Kernel interrupted: 40d36a4c-bf13-4484-963d-710179362531
[I 2026-01-23 20:07:08.705 ServerApp] Kernel interrupted: 40d36a4c-bf13-4484-963d-710179362531
[I 2026-01-23 20:07:08.912 ServerApp] Kernel interrupted: 40d36a4c-bf13-4484-963d-710179362531
[I 2026-01-23 20:07:31.845 ServerApp] Kernel restarted: 40d36a4c-bf13-4484-963d-710179362531
[I 2026-01-23 20:07:32.448 ServerApp] Starting buffering for 40d36a4c-bf13-4484-963d-710179362531:03a3b0c2-39d3-43b0-9d94-06f1ff0ed549
Task exception was never retrieved
future: <Task finished name='Task-1383' coro=<WebSocketProtocol13.write_message.<locals>.wrapper() done, defined at /home/aispark/Project/Facial_Rec/.venv/lib/python3.12/site-packages/tornado/websocket.py:1111> exception=WebSocketClosedError()>
Traceback (most recent call last):
  File "/home/aispark/Project/Facial_Rec/.venv/lib/python3.12/site-packages/tornado/websocket.py", line 1113, in wrapper
    await fut
tornado.iostream.StreamClosedError: Stream is closed

During handling of the above exception, another exception occurred:

Traceback (most recent call last):
  File "/home/aispark/Project/Facial_Rec/.venv/lib/python3.12/site-packages/tornado/websocket.py", line 1115, in wrapper
    raise WebSocketClosedError()
tornado.websocket.WebSocketClosedError
Task exception was never retrieved
future: <Task finished name='Task-1384' coro=<WebSocketProtocol13.write_message.<locals>.wrapper() done, defined at /home/aispark/Project/Facial_Rec/.venv/lib/python3.12/site-packages/tornado/websocket.py:1111> exception=WebSocketClosedError()>
Traceback (most recent call last):
  File "/home/aispark/Project/Facial_Rec/.venv/lib/python3.12/site-packages/tornado/websocket.py", line 1113, in wrapper
    await fut
tornado.iostream.StreamClosedError: Stream is closed

During handling of the above exception, another exception occurred:

Traceback (most recent call last):
  File "/home/aispark/Project/Facial_Rec/.venv/lib/python3.12/site-packages/tornado/websocket.py", line 1115, in wrapper
    raise WebSocketClosedError()
tornado.websocket.WebSocketClosedError
Task exception was never retrieved
future: <Task finished name='Task-1385' coro=<WebSocketProtocol13.write_message.<locals>.wrapper() done, defined at /home/aispark/Project/Facial_Rec/.venv/lib/python3.12/site-packages/tornado/websocket.py:1111> exception=WebSocketClosedError()>
Traceback (most recent call last):
  File "/home/aispark/Project/Facial_Rec/.venv/lib/python3.12/site-packages/tornado/websocket.py", line 1113, in wrapper
    await fut
tornado.iostream.StreamClosedError: Stream is closed

During handling of the above exception, another exception occurred:

Traceback (most recent call last):
  File "/home/aispark/Project/Facial_Rec/.venv/lib/python3.12/site-packages/tornado/websocket.py", line 1115, in wrapper
    raise WebSocketClosedError()
tornado.websocket.WebSocketClosedError
Task exception was never retrieved
future: <Task finished name='Task-1386' coro=<WebSocketProtocol13.write_message.<locals>.wrapper() done, defined at /home/aispark/Project/Facial_Rec/.venv/lib/python3.12/site-packages/tornado/websocket.py:1111> exception=WebSocketClosedError()>
Traceback (most recent call last):
  File "/home/aispark/Project/Facial_Rec/.venv/lib/python3.12/site-packages/tornado/websocket.py", line 1113, in wrapper
    await fut
tornado.iostream.StreamClosedError: Stream is closed

During handling of the above exception, another exception occurred:

Traceback (most recent call last):
  File "/home/aispark/Project/Facial_Rec/.venv/lib/python3.12/site-packages/tornado/websocket.py", line 1115, in wrapper
    raise WebSocketClosedError()
tornado.websocket.WebSocketClosedError
Task exception was never retrieved
future: <Task finished name='Task-1387' coro=<WebSocketProtocol13.write_message.<locals>.wrapper() done, defined at /home/aispark/Project/Facial_Rec/.venv/lib/python3.12/site-packages/tornado/websocket.py:1111> exception=WebSocketClosedError()>
Traceback (most recent call last):
  File "/home/aispark/Project/Facial_Rec/.venv/lib/python3.12/site-packages/tornado/websocket.py", line 1113, in wrapper
    await fut
tornado.iostream.StreamClosedError: Stream is closed

During handling of the above exception, another exception occurred:

Traceback (most recent call last):
  File "/home/aispark/Project/Facial_Rec/.venv/lib/python3.12/site-packages/tornado/websocket.py", line 1115, in wrapper
    raise WebSocketClosedError()
tornado.websocket.WebSocketClosedError
Task exception was never retrieved
future: <Task finished name='Task-1389' coro=<WebSocketProtocol13.write_message.<locals>.wrapper() done, defined at /home/aispark/Project/Facial_Rec/.venv/lib/python3.12/site-packages/tornado/websocket.py:1111> exception=WebSocketClosedError()>
Traceback (most recent call last):
  File "/home/aispark/Project/Facial_Rec/.venv/lib/python3.12/site-packages/tornado/websocket.py", line 1113, in wrapper
    await fut
tornado.iostream.StreamClosedError: Stream is closed

During handling of the above exception, another exception occurred:

Traceback (most recent call last):
  File "/home/aispark/Project/Facial_Rec/.venv/lib/python3.12/site-packages/tornado/websocket.py", line 1115, in wrapper
    raise WebSocketClosedError()
tornado.websocket.WebSocketClosedError
Task exception was never retrieved
future: <Task finished name='Task-1390' coro=<WebSocketProtocol13.write_message.<locals>.wrapper() done, defined at /home/aispark/Project/Facial_Rec/.venv/lib/python3.12/site-packages/tornado/websocket.py:1111> exception=WebSocketClosedError()>
Traceback (most recent call last):
  File "/home/aispark/Project/Facial_Rec/.venv/lib/python3.12/site-packages/tornado/websocket.py", line 1113, in wrapper
    await fut
tornado.iostream.StreamClosedError: Stream is closed

During handling of the above exception, another exception occurred:

Traceback (most recent call last):
  File "/home/aispark/Project/Facial_Rec/.venv/lib/python3.12/site-packages/tornado/websocket.py", line 1115, in wrapper
    raise WebSocketClosedError()
tornado.websocket.WebSocketClosedError
Task exception was never retrieved
future: <Task finished name='Task-1391' coro=<WebSocketProtocol13.write_message.<locals>.wrapper() done, defined at /home/aispark/Project/Facial_Rec/.venv/lib/python3.12/site-packages/tornado/websocket.py:1111> exception=WebSocketClosedError()>
Traceback (most recent call last):
  File "/home/aispark/Project/Facial_Rec/.venv/lib/python3.12/site-packages/tornado/websocket.py", line 1113, in wrapper
    await fut
tornado.iostream.StreamClosedError: Stream is closed

During handling of the above exception, another exception occurred:

Traceback (most recent call last):
  File "/home/aispark/Project/Facial_Rec/.venv/lib/python3.12/site-packages/tornado/websocket.py", line 1115, in wrapper
    raise WebSocketClosedError()
tornado.websocket.WebSocketClosedError
Task exception was never retrieved
future: <Task finished name='Task-1392' coro=<WebSocketProtocol13.write_message.<locals>.wrapper() done, defined at /home/aispark/Project/Facial_Rec/.venv/lib/python3.12/site-packages/tornado/websocket.py:1111> exception=WebSocketClosedError()>
Traceback (most recent call last):
  File "/home/aispark/Project/Facial_Rec/.venv/lib/python3.12/site-packages/tornado/websocket.py", line 1113, in wrapper
    await fut
tornado.iostream.StreamClosedError: Stream is closed

During handling of the above exception, another exception occurred:

Traceback (most recent call last):
  File "/home/aispark/Project/Facial_Rec/.venv/lib/python3.12/site-packages/tornado/websocket.py", line 1115, in wrapper
    raise WebSocketClosedError()
tornado.websocket.WebSocketClosedError
Task exception was never retrieved
future: <Task finished name='Task-1397' coro=<WebSocketProtocol13.write_message.<locals>.wrapper() done, defined at /home/aispark/Project/Facial_Rec/.venv/lib/python3.12/site-packages/tornado/websocket.py:1111> exception=WebSocketClosedError()>
Traceback (most recent call last):
  File "/home/aispark/Project/Facial_Rec/.venv/lib/python3.12/site-packages/tornado/websocket.py", line 1113, in wrapper
    await fut
tornado.iostream.StreamClosedError: Stream is closed

During handling of the above exception, another exception occurred:

Traceback (most recent call last):
  File "/home/aispark/Project/Facial_Rec/.venv/lib/python3.12/site-packages/tornado/websocket.py", line 1115, in wrapper
    raise WebSocketClosedError()
tornado.websocket.WebSocketClosedError
Task exception was never retrieved
future: <Task finished name='Task-1398' coro=<WebSocketProtocol13.write_message.<locals>.wrapper() done, defined at /home/aispark/Project/Facial_Rec/.venv/lib/python3.12/site-packages/tornado/websocket.py:1111> exception=WebSocketClosedError()>
Traceback (most recent call last):
  File "/home/aispark/Project/Facial_Rec/.venv/lib/python3.12/site-packages/tornado/websocket.py", line 1113, in wrapper
    await fut
tornado.iostream.StreamClosedError: Stream is closed

During handling of the above exception, another exception occurred:

Traceback (most recent call last):
  File "/home/aispark/Project/Facial_Rec/.venv/lib/python3.12/site-packages/tornado/websocket.py", line 1115, in wrapper
    raise WebSocketClosedError()
tornado.websocket.WebSocketClosedError
Task exception was never retrieved
future: <Task finished name='Task-1399' coro=<WebSocketProtocol13.write_message.<locals>.wrapper() done, defined at /home/aispark/Project/Facial_Rec/.venv/lib/python3.12/site-packages/tornado/websocket.py:1111> exception=WebSocketClosedError()>
Traceback (most recent call last):
  File "/home/aispark/Project/Facial_Rec/.venv/lib/python3.12/site-packages/tornado/websocket.py", line 1113, in wrapper
    await fut
tornado.iostream.StreamClosedError: Stream is closed

During handling of the above exception, another exception occurred:

Traceback (most recent call last):
  File "/home/aispark/Project/Facial_Rec/.venv/lib/python3.12/site-packages/tornado/websocket.py", line 1115, in wrapper
    raise WebSocketClosedError()
tornado.websocket.WebSocketClosedError
Task exception was never retrieved
future: <Task finished name='Task-1400' coro=<WebSocketProtocol13.write_message.<locals>.wrapper() done, defined at /home/aispark/Project/Facial_Rec/.venv/lib/python3.12/site-packages/tornado/websocket.py:1111> exception=WebSocketClosedError()>
Traceback (most recent call last):
  File "/home/aispark/Project/Facial_Rec/.venv/lib/python3.12/site-packages/tornado/websocket.py", line 1113, in wrapper
    await fut
tornado.iostream.StreamClosedError: Stream is closed

During handling of the above exception, another exception occurred:

Traceback (most recent call last):
  File "/home/aispark/Project/Facial_Rec/.venv/lib/python3.12/site-packages/tornado/websocket.py", line 1115, in wrapper
    raise WebSocketClosedError()
tornado.websocket.WebSocketClosedError
Task exception was never retrieved
future: <Task finished name='Task-1403' coro=<WebSocketProtocol13.write_message.<locals>.wrapper() done, defined at /home/aispark/Project/Facial_Rec/.venv/lib/python3.12/site-packages/tornado/websocket.py:1111> exception=WebSocketClosedError()>
Traceback (most recent call last):
  File "/home/aispark/Project/Facial_Rec/.venv/lib/python3.12/site-packages/tornado/websocket.py", line 1113, in wrapper
    await fut
tornado.iostream.StreamClosedError: Stream is closed

During handling of the above exception, another exception occurred:

Traceback (most recent call last):
  File "/home/aispark/Project/Facial_Rec/.venv/lib/python3.12/site-packages/tornado/websocket.py", line 1115, in wrapper
    raise WebSocketClosedError()
tornado.websocket.WebSocketClosedError
Task exception was never retrieved
future: <Task finished name='Task-1404' coro=<WebSocketProtocol13.write_message.<locals>.wrapper() done, defined at /home/aispark/Project/Facial_Rec/.venv/lib/python3.12/site-packages/tornado/websocket.py:1111> exception=WebSocketClosedError()>
Traceback (most recent call last):
  File "/home/aispark/Project/Facial_Rec/.venv/lib/python3.12/site-packages/tornado/websocket.py", line 1113, in wrapper
    await fut
tornado.iostream.StreamClosedError: Stream is closed

During handling of the above exception, another exception occurred:

Traceback (most recent call last):
  File "/home/aispark/Project/Facial_Rec/.venv/lib/python3.12/site-packages/tornado/websocket.py", line 1115, in wrapper
    raise WebSocketClosedError()
tornado.websocket.WebSocketClosedError
Task exception was never retrieved
future: <Task finished name='Task-1407' coro=<WebSocketProtocol13.write_message.<locals>.wrapper() done, defined at /home/aispark/Project/Facial_Rec/.venv/lib/python3.12/site-packages/tornado/websocket.py:1111> exception=WebSocketClosedError()>
Traceback (most recent call last):
  File "/home/aispark/Project/Facial_Rec/.venv/lib/python3.12/site-packages/tornado/websocket.py", line 1113, in wrapper
    await fut
tornado.iostream.StreamClosedError: Stream is closed

During handling of the above exception, another exception occurred:

Traceback (most recent call last):
  File "/home/aispark/Project/Facial_Rec/.venv/lib/python3.12/site-packages/tornado/websocket.py", line 1115, in wrapper
    raise WebSocketClosedError()
tornado.websocket.WebSocketClosedError
Task exception was never retrieved
future: <Task finished name='Task-1408' coro=<WebSocketProtocol13.write_message.<locals>.wrapper() done, defined at /home/aispark/Project/Facial_Rec/.venv/lib/python3.12/site-packages/tornado/websocket.py:1111> exception=WebSocketClosedError()>
Traceback (most recent call last):
  File "/home/aispark/Project/Facial_Rec/.venv/lib/python3.12/site-packages/tornado/websocket.py", line 1113, in wrapper
    await fut
tornado.iostream.StreamClosedError: Stream is closed

During handling of the above exception, another exception occurred:

Traceback (most recent call last):
  File "/home/aispark/Project/Facial_Rec/.venv/lib/python3.12/site-packages/tornado/websocket.py", line 1115, in wrapper
    raise WebSocketClosedError()
tornado.websocket.WebSocketClosedError
Task exception was never retrieved
future: <Task finished name='Task-1411' coro=<WebSocketProtocol13.write_message.<locals>.wrapper() done, defined at /home/aispark/Project/Facial_Rec/.venv/lib/python3.12/site-packages/tornado/websocket.py:1111> exception=WebSocketClosedError()>
Traceback (most recent call last):
  File "/home/aispark/Project/Facial_Rec/.venv/lib/python3.12/site-packages/tornado/websocket.py", line 1113, in wrapper
    await fut
tornado.iostream.StreamClosedError: Stream is closed

During handling of the above exception, another exception occurred:

Traceback (most recent call last):
  File "/home/aispark/Project/Facial_Rec/.venv/lib/python3.12/site-packages/tornado/websocket.py", line 1115, in wrapper
    raise WebSocketClosedError()
tornado.websocket.WebSocketClosedError
Task exception was never retrieved
future: <Task finished name='Task-1412' coro=<WebSocketProtocol13.write_message.<locals>.wrapper() done, defined at /home/aispark/Project/Facial_Rec/.venv/lib/python3.12/site-packages/tornado/websocket.py:1111> exception=WebSocketClosedError()>
Traceback (most recent call last):
  File "/home/aispark/Project/Facial_Rec/.venv/lib/python3.12/site-packages/tornado/websocket.py", line 1113, in wrapper
    await fut
tornado.iostream.StreamClosedError: Stream is closed

During handling of the above exception, another exception occurred:

Traceback (most recent call last):
  File "/home/aispark/Project/Facial_Rec/.venv/lib/python3.12/site-packages/tornado/websocket.py", line 1115, in wrapper
    raise WebSocketClosedError()
tornado.websocket.WebSocketClosedError
Task exception was never retrieved
future: <Task finished name='Task-1413' coro=<WebSocketProtocol13.write_message.<locals>.wrapper() done, defined at /home/aispark/Project/Facial_Rec/.venv/lib/python3.12/site-packages/tornado/websocket.py:1111> exception=WebSocketClosedError()>
Traceback (most recent call last):
  File "/home/aispark/Project/Facial_Rec/.venv/lib/python3.12/site-packages/tornado/websocket.py", line 1113, in wrapper
    await fut
tornado.iostream.StreamClosedError: Stream is closed

During handling of the above exception, another exception occurred:

Traceback (most recent call last):
  File "/home/aispark/Project/Facial_Rec/.venv/lib/python3.12/site-packages/tornado/websocket.py", line 1115, in wrapper
    raise WebSocketClosedError()
tornado.websocket.WebSocketClosedError
Task exception was never retrieved
future: <Task finished name='Task-1414' coro=<WebSocketProtocol13.write_message.<locals>.wrapper() done, defined at /home/aispark/Project/Facial_Rec/.venv/lib/python3.12/site-packages/tornado/websocket.py:1111> exception=WebSocketClosedError()>
Traceback (most recent call last):
  File "/home/aispark/Project/Facial_Rec/.venv/lib/python3.12/site-packages/tornado/websocket.py", line 1113, in wrapper
    await fut
tornado.iostream.StreamClosedError: Stream is closed

During handling of the above exception, another exception occurred:

Traceback (most recent call last):
  File "/home/aispark/Project/Facial_Rec/.venv/lib/python3.12/site-packages/tornado/websocket.py", line 1115, in wrapper
    raise WebSocketClosedError()
tornado.websocket.WebSocketClosedError
Task exception was never retrieved
future: <Task finished name='Task-1415' coro=<WebSocketProtocol13.write_message.<locals>.wrapper() done, defined at /home/aispark/Project/Facial_Rec/.venv/lib/python3.12/site-packages/tornado/websocket.py:1111> exception=WebSocketClosedError()>
Traceback (most recent call last):
  File "/home/aispark/Project/Facial_Rec/.venv/lib/python3.12/site-packages/tornado/websocket.py", line 1113, in wrapper
    await fut
tornado.iostream.StreamClosedError: Stream is closed

During handling of the above exception, another exception occurred:

Traceback (most recent call last):
  File "/home/aispark/Project/Facial_Rec/.venv/lib/python3.12/site-packages/tornado/websocket.py", line 1115, in wrapper
    raise WebSocketClosedError()
tornado.websocket.WebSocketClosedError
Task exception was never retrieved
future: <Task finished name='Task-1416' coro=<WebSocketProtocol13.write_message.<locals>.wrapper() done, defined at /home/aispark/Project/Facial_Rec/.venv/lib/python3.12/site-packages/tornado/websocket.py:1111> exception=WebSocketClosedError()>
Traceback (most recent call last):
  File "/home/aispark/Project/Facial_Rec/.venv/lib/python3.12/site-packages/tornado/websocket.py", line 1113, in wrapper
    await fut
tornado.iostream.StreamClosedError: Stream is closed

During handling of the above exception, another exception occurred:

Traceback (most recent call last):
  File "/home/aispark/Project/Facial_Rec/.venv/lib/python3.12/site-packages/tornado/websocket.py", line 1115, in wrapper
    raise WebSocketClosedError()
tornado.websocket.WebSocketClosedError
Task exception was never retrieved
future: <Task finished name='Task-1417' coro=<WebSocketProtocol13.write_message.<locals>.wrapper() done, defined at /home/aispark/Project/Facial_Rec/.venv/lib/python3.12/site-packages/tornado/websocket.py:1111> exception=WebSocketClosedError()>
Traceback (most recent call last):
  File "/home/aispark/Project/Facial_Rec/.venv/lib/python3.12/site-packages/tornado/websocket.py", line 1113, in wrapper
    await fut
tornado.iostream.StreamClosedError: Stream is closed

During handling of the above exception, another exception occurred:

Traceback (most recent call last):
  File "/home/aispark/Project/Facial_Rec/.venv/lib/python3.12/site-packages/tornado/websocket.py", line 1115, in wrapper
    raise WebSocketClosedError()
tornado.websocket.WebSocketClosedError
Task exception was never retrieved
future: <Task finished name='Task-1418' coro=<WebSocketProtocol13.write_message.<locals>.wrapper() done, defined at /home/aispark/Project/Facial_Rec/.venv/lib/python3.12/site-packages/tornado/websocket.py:1111> exception=WebSocketClosedError()>
Traceback (most recent call last):
  File "/home/aispark/Project/Facial_Rec/.venv/lib/python3.12/site-packages/tornado/websocket.py", line 1113, in wrapper
    await fut
tornado.iostream.StreamClosedError: Stream is closed

During handling of the above exception, another exception occurred:

Traceback (most recent call last):
  File "/home/aispark/Project/Facial_Rec/.venv/lib/python3.12/site-packages/tornado/websocket.py", line 1115, in wrapper
    raise WebSocketClosedError()
tornado.websocket.WebSocketClosedError
Task exception was never retrieved
future: <Task finished name='Task-1419' coro=<WebSocketProtocol13.write_message.<locals>.wrapper() done, defined at /home/aispark/Project/Facial_Rec/.venv/lib/python3.12/site-packages/tornado/websocket.py:1111> exception=WebSocketClosedError()>
Traceback (most recent call last):
  File "/home/aispark/Project/Facial_Rec/.venv/lib/python3.12/site-packages/tornado/websocket.py", line 1113, in wrapper
    await fut
tornado.iostream.StreamClosedError: Stream is closed

During handling of the above exception, another exception occurred:

Traceback (most recent call last):
  File "/home/aispark/Project/Facial_Rec/.venv/lib/python3.12/site-packages/tornado/websocket.py", line 1115, in wrapper
    raise WebSocketClosedError()
tornado.websocket.WebSocketClosedError
Task exception was never retrieved
future: <Task finished name='Task-1420' coro=<WebSocketProtocol13.write_message.<locals>.wrapper() done, defined at /home/aispark/Project/Facial_Rec/.venv/lib/python3.12/site-packages/tornado/websocket.py:1111> exception=WebSocketClosedError()>
Traceback (most recent call last):
  File "/home/aispark/Project/Facial_Rec/.venv/lib/python3.12/site-packages/tornado/websocket.py", line 1113, in wrapper
    await fut
tornado.iostream.StreamClosedError: Stream is closed

During handling of the above exception, another exception occurred:

Traceback (most recent call last):
  File "/home/aispark/Project/Facial_Rec/.venv/lib/python3.12/site-packages/tornado/websocket.py", line 1115, in wrapper
    raise WebSocketClosedError()
tornado.websocket.WebSocketClosedError
Task exception was never retrieved
future: <Task finished name='Task-1423' coro=<WebSocketProtocol13.write_message.<locals>.wrapper() done, defined at /home/aispark/Project/Facial_Rec/.venv/lib/python3.12/site-packages/tornado/websocket.py:1111> exception=WebSocketClosedError()>
Traceback (most recent call last):
  File "/home/aispark/Project/Facial_Rec/.venv/lib/python3.12/site-packages/tornado/websocket.py", line 1113, in wrapper
    await fut
tornado.iostream.StreamClosedError: Stream is closed

During handling of the above exception, another exception occurred:

Traceback (most recent call last):
  File "/home/aispark/Project/Facial_Rec/.venv/lib/python3.12/site-packages/tornado/websocket.py", line 1115, in wrapper
    raise WebSocketClosedError()
tornado.websocket.WebSocketClosedError
Task exception was never retrieved
future: <Task finished name='Task-1424' coro=<WebSocketProtocol13.write_message.<locals>.wrapper() done, defined at /home/aispark/Project/Facial_Rec/.venv/lib/python3.12/site-packages/tornado/websocket.py:1111> exception=WebSocketClosedError()>
Traceback (most recent call last):
  File "/home/aispark/Project/Facial_Rec/.venv/lib/python3.12/site-packages/tornado/websocket.py", line 1113, in wrapper
    await fut
tornado.iostream.StreamClosedError: Stream is closed

During handling of the above exception, another exception occurred:

Traceback (most recent call last):
  File "/home/aispark/Project/Facial_Rec/.venv/lib/python3.12/site-packages/tornado/websocket.py", line 1115, in wrapper
    raise WebSocketClosedError()
tornado.websocket.WebSocketClosedError
Task exception was never retrieved
future: <Task finished name='Task-1425' coro=<WebSocketProtocol13.write_message.<locals>.wrapper() done, defined at /home/aispark/Project/Facial_Rec/.venv/lib/python3.12/site-packages/tornado/websocket.py:1111> exception=WebSocketClosedError()>
Traceback (most recent call last):
  File "/home/aispark/Project/Facial_Rec/.venv/lib/python3.12/site-packages/tornado/websocket.py", line 1113, in wrapper
    await fut
tornado.iostream.StreamClosedError: Stream is closed

During handling of the above exception, another exception occurred:

Traceback (most recent call last):
  File "/home/aispark/Project/Facial_Rec/.venv/lib/python3.12/site-packages/tornado/websocket.py", line 1115, in wrapper
    raise WebSocketClosedError()
tornado.websocket.WebSocketClosedError
Task exception was never retrieved
future: <Task finished name='Task-1426' coro=<WebSocketProtocol13.write_message.<locals>.wrapper() done, defined at /home/aispark/Project/Facial_Rec/.venv/lib/python3.12/site-packages/tornado/websocket.py:1111> exception=WebSocketClosedError()>
Traceback (most recent call last):
  File "/home/aispark/Project/Facial_Rec/.venv/lib/python3.12/site-packages/tornado/websocket.py", line 1113, in wrapper
    await fut
tornado.iostream.StreamClosedError: Stream is closed

During handling of the above exception, another exception occurred:

Traceback (most recent call last):
  File "/home/aispark/Project/Facial_Rec/.venv/lib/python3.12/site-packages/tornado/websocket.py", line 1115, in wrapper
    raise WebSocketClosedError()
tornado.websocket.WebSocketClosedError
Task exception was never retrieved
future: <Task finished name='Task-1427' coro=<WebSocketProtocol13.write_message.<locals>.wrapper() done, defined at /home/aispark/Project/Facial_Rec/.venv/lib/python3.12/site-packages/tornado/websocket.py:1111> exception=WebSocketClosedError()>
Traceback (most recent call last):
  File "/home/aispark/Project/Facial_Rec/.venv/lib/python3.12/site-packages/tornado/websocket.py", line 1113, in wrapper
    await fut
tornado.iostream.StreamClosedError: Stream is closed

During handling of the above exception, another exception occurred:

Traceback (most recent call last):
  File "/home/aispark/Project/Facial_Rec/.venv/lib/python3.12/site-packages/tornado/websocket.py", line 1115, in wrapper
    raise WebSocketClosedError()
tornado.websocket.WebSocketClosedError
Task exception was never retrieved
future: <Task finished name='Task-1428' coro=<WebSocketProtocol13.write_message.<locals>.wrapper() done, defined at /home/aispark/Project/Facial_Rec/.venv/lib/python3.12/site-packages/tornado/websocket.py:1111> exception=WebSocketClosedError()>
Traceback (most recent call last):
  File "/home/aispark/Project/Facial_Rec/.venv/lib/python3.12/site-packages/tornado/websocket.py", line 1113, in wrapper
    await fut
tornado.iostream.StreamClosedError: Stream is closed

During handling of the above exception, another exception occurred:

Traceback (most recent call last):
  File "/home/aispark/Project/Facial_Rec/.venv/lib/python3.12/site-packages/tornado/websocket.py", line 1115, in wrapper
    raise WebSocketClosedError()
tornado.websocket.WebSocketClosedError
Task exception was never retrieved
future: <Task finished name='Task-1429' coro=<WebSocketProtocol13.write_message.<locals>.wrapper() done, defined at /home/aispark/Project/Facial_Rec/.venv/lib/python3.12/site-packages/tornado/websocket.py:1111> exception=WebSocketClosedError()>
Traceback (most recent call last):
  File "/home/aispark/Project/Facial_Rec/.venv/lib/python3.12/site-packages/tornado/websocket.py", line 1113, in wrapper
    await fut
tornado.iostream.StreamClosedError: Stream is closed

During handling of the above exception, another exception occurred:

Traceback (most recent call last):
  File "/home/aispark/Project/Facial_Rec/.venv/lib/python3.12/site-packages/tornado/websocket.py", line 1115, in wrapper
    raise WebSocketClosedError()
tornado.websocket.WebSocketClosedError
Task exception was never retrieved
future: <Task finished name='Task-1430' coro=<WebSocketProtocol13.write_message.<locals>.wrapper() done, defined at /home/aispark/Project/Facial_Rec/.venv/lib/python3.12/site-packages/tornado/websocket.py:1111> exception=WebSocketClosedError()>
Traceback (most recent call last):
  File "/home/aispark/Project/Facial_Rec/.venv/lib/python3.12/site-packages/tornado/websocket.py", line 1113, in wrapper
    await fut
tornado.iostream.StreamClosedError: Stream is closed

During handling of the above exception, another exception occurred:

Traceback (most recent call last):
  File "/home/aispark/Project/Facial_Rec/.venv/lib/python3.12/site-packages/tornado/websocket.py", line 1115, in wrapper
    raise WebSocketClosedError()
tornado.websocket.WebSocketClosedError
Task exception was never retrieved
future: <Task finished name='Task-1431' coro=<WebSocketProtocol13.write_message.<locals>.wrapper() done, defined at /home/aispark/Project/Facial_Rec/.venv/lib/python3.12/site-packages/tornado/websocket.py:1111> exception=WebSocketClosedError()>
Traceback (most recent call last):
  File "/home/aispark/Project/Facial_Rec/.venv/lib/python3.12/site-packages/tornado/websocket.py", line 1113, in wrapper
    await fut
tornado.iostream.StreamClosedError: Stream is closed

During handling of the above exception, another exception occurred:

Traceback (most recent call last):
  File "/home/aispark/Project/Facial_Rec/.venv/lib/python3.12/site-packages/tornado/websocket.py", line 1115, in wrapper
    raise WebSocketClosedError()
tornado.websocket.WebSocketClosedError
Task exception was never retrieved
future: <Task finished name='Task-1432' coro=<WebSocketProtocol13.write_message.<locals>.wrapper() done, defined at /home/aispark/Project/Facial_Rec/.venv/lib/python3.12/site-packages/tornado/websocket.py:1111> exception=WebSocketClosedError()>
Traceback (most recent call last):
  File "/home/aispark/Project/Facial_Rec/.venv/lib/python3.12/site-packages/tornado/websocket.py", line 1113, in wrapper
    await fut
tornado.iostream.StreamClosedError: Stream is closed

During handling of the above exception, another exception occurred:

Traceback (most recent call last):
  File "/home/aispark/Project/Facial_Rec/.venv/lib/python3.12/site-packages/tornado/websocket.py", line 1115, in wrapper
    raise WebSocketClosedError()
tornado.websocket.WebSocketClosedError
Task exception was never retrieved
future: <Task finished name='Task-1437' coro=<WebSocketProtocol13.write_message.<locals>.wrapper() done, defined at /home/aispark/Project/Facial_Rec/.venv/lib/python3.12/site-packages/tornado/websocket.py:1111> exception=WebSocketClosedError()>
Traceback (most recent call last):
  File "/home/aispark/Project/Facial_Rec/.venv/lib/python3.12/site-packages/tornado/websocket.py", line 1113, in wrapper
    await fut
tornado.iostream.StreamClosedError: Stream is closed

During handling of the above exception, another exception occurred:

Traceback (most recent call last):
  File "/home/aispark/Project/Facial_Rec/.venv/lib/python3.12/site-packages/tornado/websocket.py", line 1115, in wrapper
    raise WebSocketClosedError()
tornado.websocket.WebSocketClosedError
Task exception was never retrieved
future: <Task finished name='Task-1438' coro=<WebSocketProtocol13.write_message.<locals>.wrapper() done, defined at /home/aispark/Project/Facial_Rec/.venv/lib/python3.12/site-packages/tornado/websocket.py:1111> exception=WebSocketClosedError()>
Traceback (most recent call last):
  File "/home/aispark/Project/Facial_Rec/.venv/lib/python3.12/site-packages/tornado/websocket.py", line 1113, in wrapper
    await fut
tornado.iostream.StreamClosedError: Stream is closed

During handling of the above exception, another exception occurred:

Traceback (most recent call last):
  File "/home/aispark/Project/Facial_Rec/.venv/lib/python3.12/site-packages/tornado/websocket.py", line 1115, in wrapper
    raise WebSocketClosedError()
tornado.websocket.WebSocketClosedError
Task exception was never retrieved
future: <Task finished name='Task-1439' coro=<WebSocketProtocol13.write_message.<locals>.wrapper() done, defined at /home/aispark/Project/Facial_Rec/.venv/lib/python3.12/site-packages/tornado/websocket.py:1111> exception=WebSocketClosedError()>
Traceback (most recent call last):
  File "/home/aispark/Project/Facial_Rec/.venv/lib/python3.12/site-packages/tornado/websocket.py", line 1113, in wrapper
    await fut
tornado.iostream.StreamClosedError: Stream is closed

During handling of the above exception, another exception occurred:

Traceback (most recent call last):
  File "/home/aispark/Project/Facial_Rec/.venv/lib/python3.12/site-packages/tornado/websocket.py", line 1115, in wrapper
    raise WebSocketClosedError()
tornado.websocket.WebSocketClosedError
Task exception was never retrieved
future: <Task finished name='Task-1440' coro=<WebSocketProtocol13.write_message.<locals>.wrapper() done, defined at /home/aispark/Project/Facial_Rec/.venv/lib/python3.12/site-packages/tornado/websocket.py:1111> exception=WebSocketClosedError()>
Traceback (most recent call last):
  File "/home/aispark/Project/Facial_Rec/.venv/lib/python3.12/site-packages/tornado/websocket.py", line 1113, in wrapper
    await fut
tornado.iostream.StreamClosedError: Stream is closed

During handling of the above exception, another exception occurred:

Traceback (most recent call last):
  File "/home/aispark/Project/Facial_Rec/.venv/lib/python3.12/site-packages/tornado/websocket.py", line 1115, in wrapper
    raise WebSocketClosedError()
tornado.websocket.WebSocketClosedError
Task exception was never retrieved
future: <Task finished name='Task-1441' coro=<WebSocketProtocol13.write_message.<locals>.wrapper() done, defined at /home/aispark/Project/Facial_Rec/.venv/lib/python3.12/site-packages/tornado/websocket.py:1111> exception=WebSocketClosedError()>
Traceback (most recent call last):
  File "/home/aispark/Project/Facial_Rec/.venv/lib/python3.12/site-packages/tornado/websocket.py", line 1113, in wrapper
    await fut
tornado.iostream.StreamClosedError: Stream is closed

During handling of the above exception, another exception occurred:

Traceback (most recent call last):
  File "/home/aispark/Project/Facial_Rec/.venv/lib/python3.12/site-packages/tornado/websocket.py", line 1115, in wrapper
    raise WebSocketClosedError()
tornado.websocket.WebSocketClosedError
Task exception was never retrieved
future: <Task finished name='Task-1442' coro=<WebSocketProtocol13.write_message.<locals>.wrapper() done, defined at /home/aispark/Project/Facial_Rec/.venv/lib/python3.12/site-packages/tornado/websocket.py:1111> exception=WebSocketClosedError()>
Traceback (most recent call last):
  File "/home/aispark/Project/Facial_Rec/.venv/lib/python3.12/site-packages/tornado/websocket.py", line 1113, in wrapper
    await fut
tornado.iostream.StreamClosedError: Stream is closed

During handling of the above exception, another exception occurred:

Traceback (most recent call last):
  File "/home/aispark/Project/Facial_Rec/.venv/lib/python3.12/site-packages/tornado/websocket.py", line 1115, in wrapper
    raise WebSocketClosedError()
tornado.websocket.WebSocketClosedError
Task exception was never retrieved
future: <Task finished name='Task-1443' coro=<WebSocketProtocol13.write_message.<locals>.wrapper() done, defined at /home/aispark/Project/Facial_Rec/.venv/lib/python3.12/site-packages/tornado/websocket.py:1111> exception=WebSocketClosedError()>
Traceback (most recent call last):
  File "/home/aispark/Project/Facial_Rec/.venv/lib/python3.12/site-packages/tornado/websocket.py", line 1113, in wrapper
    await fut
tornado.iostream.StreamClosedError: Stream is closed

During handling of the above exception, another exception occurred:

Traceback (most recent call last):
  File "/home/aispark/Project/Facial_Rec/.venv/lib/python3.12/site-packages/tornado/websocket.py", line 1115, in wrapper
    raise WebSocketClosedError()
tornado.websocket.WebSocketClosedError
Task exception was never retrieved
future: <Task finished name='Task-1444' coro=<WebSocketProtocol13.write_message.<locals>.wrapper() done, defined at /home/aispark/Project/Facial_Rec/.venv/lib/python3.12/site-packages/tornado/websocket.py:1111> exception=WebSocketClosedError()>
Traceback (most recent call last):
  File "/home/aispark/Project/Facial_Rec/.venv/lib/python3.12/site-packages/tornado/websocket.py", line 1113, in wrapper
    await fut
tornado.iostream.StreamClosedError: Stream is closed

During handling of the above exception, another exception occurred:

Traceback (most recent call last):
  File "/home/aispark/Project/Facial_Rec/.venv/lib/python3.12/site-packages/tornado/websocket.py", line 1115, in wrapper
    raise WebSocketClosedError()
tornado.websocket.WebSocketClosedError
Task exception was never retrieved
future: <Task finished name='Task-1447' coro=<WebSocketProtocol13.write_message.<locals>.wrapper() done, defined at /home/aispark/Project/Facial_Rec/.venv/lib/python3.12/site-packages/tornado/websocket.py:1111> exception=WebSocketClosedError()>
Traceback (most recent call last):
  File "/home/aispark/Project/Facial_Rec/.venv/lib/python3.12/site-packages/tornado/websocket.py", line 1113, in wrapper
    await fut
tornado.iostream.StreamClosedError: Stream is closed

During handling of the above exception, another exception occurred:

Traceback (most recent call last):
  File "/home/aispark/Project/Facial_Rec/.venv/lib/python3.12/site-packages/tornado/websocket.py", line 1115, in wrapper
    raise WebSocketClosedError()
tornado.websocket.WebSocketClosedError
Task exception was never retrieved
future: <Task finished name='Task-1448' coro=<WebSocketProtocol13.write_message.<locals>.wrapper() done, defined at /home/aispark/Project/Facial_Rec/.venv/lib/python3.12/site-packages/tornado/websocket.py:1111> exception=WebSocketClosedError()>
Traceback (most recent call last):
  File "/home/aispark/Project/Facial_Rec/.venv/lib/python3.12/site-packages/tornado/websocket.py", line 1113, in wrapper
    await fut
tornado.iostream.StreamClosedError: Stream is closed

During handling of the above exception, another exception occurred:

Traceback (most recent call last):
  File "/home/aispark/Project/Facial_Rec/.venv/lib/python3.12/site-packages/tornado/websocket.py", line 1115, in wrapper
    raise WebSocketClosedError()
tornado.websocket.WebSocketClosedError
Task exception was never retrieved
future: <Task finished name='Task-1449' coro=<WebSocketProtocol13.write_message.<locals>.wrapper() done, defined at /home/aispark/Project/Facial_Rec/.venv/lib/python3.12/site-packages/tornado/websocket.py:1111> exception=WebSocketClosedError()>
Traceback (most recent call last):
  File "/home/aispark/Project/Facial_Rec/.venv/lib/python3.12/site-packages/tornado/websocket.py", line 1113, in wrapper
    await fut
tornado.iostream.StreamClosedError: Stream is closed

During handling of the above exception, another exception occurred:

Traceback (most recent call last):
  File "/home/aispark/Project/Facial_Rec/.venv/lib/python3.12/site-packages/tornado/websocket.py", line 1115, in wrapper
    raise WebSocketClosedError()
tornado.websocket.WebSocketClosedError
Task exception was never retrieved
future: <Task finished name='Task-1450' coro=<WebSocketProtocol13.write_message.<locals>.wrapper() done, defined at /home/aispark/Project/Facial_Rec/.venv/lib/python3.12/site-packages/tornado/websocket.py:1111> exception=WebSocketClosedError()>
Traceback (most recent call last):
  File "/home/aispark/Project/Facial_Rec/.venv/lib/python3.12/site-packages/tornado/websocket.py", line 1113, in wrapper
    await fut
tornado.iostream.StreamClosedError: Stream is closed

During handling of the above exception, another exception occurred:

Traceback (most recent call last):
  File "/home/aispark/Project/Facial_Rec/.venv/lib/python3.12/site-packages/tornado/websocket.py", line 1115, in wrapper
    raise WebSocketClosedError()
tornado.websocket.WebSocketClosedError
Task exception was never retrieved
future: <Task finished name='Task-1451' coro=<WebSocketProtocol13.write_message.<locals>.wrapper() done, defined at /home/aispark/Project/Facial_Rec/.venv/lib/python3.12/site-packages/tornado/websocket.py:1111> exception=WebSocketClosedError()>
Traceback (most recent call last):
  File "/home/aispark/Project/Facial_Rec/.venv/lib/python3.12/site-packages/tornado/websocket.py", line 1113, in wrapper
    await fut
tornado.iostream.StreamClosedError: Stream is closed

During handling of the above exception, another exception occurred:

Traceback (most recent call last):
  File "/home/aispark/Project/Facial_Rec/.venv/lib/python3.12/site-packages/tornado/websocket.py", line 1115, in wrapper
    raise WebSocketClosedError()
tornado.websocket.WebSocketClosedError
Task exception was never retrieved
future: <Task finished name='Task-1452' coro=<WebSocketProtocol13.write_message.<locals>.wrapper() done, defined at /home/aispark/Project/Facial_Rec/.venv/lib/python3.12/site-packages/tornado/websocket.py:1111> exception=WebSocketClosedError()>
Traceback (most recent call last):
  File "/home/aispark/Project/Facial_Rec/.venv/lib/python3.12/site-packages/tornado/websocket.py", line 1113, in wrapper
    await fut
tornado.iostream.StreamClosedError: Stream is closed

During handling of the above exception, another exception occurred:

Traceback (most recent call last):
  File "/home/aispark/Project/Facial_Rec/.venv/lib/python3.12/site-packages/tornado/websocket.py", line 1115, in wrapper
    raise WebSocketClosedError()
tornado.websocket.WebSocketClosedError
Task exception was never retrieved
future: <Task finished name='Task-1453' coro=<WebSocketProtocol13.write_message.<locals>.wrapper() done, defined at /home/aispark/Project/Facial_Rec/.venv/lib/python3.12/site-packages/tornado/websocket.py:1111> exception=WebSocketClosedError()>
Traceback (most recent call last):
  File "/home/aispark/Project/Facial_Rec/.venv/lib/python3.12/site-packages/tornado/websocket.py", line 1113, in wrapper
    await fut
tornado.iostream.StreamClosedError: Stream is closed

During handling of the above exception, another exception occurred:

Traceback (most recent call last):
  File "/home/aispark/Project/Facial_Rec/.venv/lib/python3.12/site-packages/tornado/websocket.py", line 1115, in wrapper
    raise WebSocketClosedError()
tornado.websocket.WebSocketClosedError
Task exception was never retrieved
future: <Task finished name='Task-1454' coro=<WebSocketProtocol13.write_message.<locals>.wrapper() done, defined at /home/aispark/Project/Facial_Rec/.venv/lib/python3.12/site-packages/tornado/websocket.py:1111> exception=WebSocketClosedError()>
Traceback (most recent call last):
  File "/home/aispark/Project/Facial_Rec/.venv/lib/python3.12/site-packages/tornado/websocket.py", line 1113, in wrapper
    await fut
tornado.iostream.StreamClosedError: Stream is closed

During handling of the above exception, another exception occurred:

Traceback (most recent call last):
  File "/home/aispark/Project/Facial_Rec/.venv/lib/python3.12/site-packages/tornado/websocket.py", line 1115, in wrapper
    raise WebSocketClosedError()
tornado.websocket.WebSocketClosedError
Task exception was never retrieved
future: <Task finished name='Task-1455' coro=<WebSocketProtocol13.write_message.<locals>.wrapper() done, defined at /home/aispark/Project/Facial_Rec/.venv/lib/python3.12/site-packages/tornado/websocket.py:1111> exception=WebSocketClosedError()>
Traceback (most recent call last):
  File "/home/aispark/Project/Facial_Rec/.venv/lib/python3.12/site-packages/tornado/websocket.py", line 1113, in wrapper
    await fut
tornado.iostream.StreamClosedError: Stream is closed

During handling of the above exception, another exception occurred:

Traceback (most recent call last):
  File "/home/aispark/Project/Facial_Rec/.venv/lib/python3.12/site-packages/tornado/websocket.py", line 1115, in wrapper
    raise WebSocketClosedError()
tornado.websocket.WebSocketClosedError
Task exception was never retrieved
future: <Task finished name='Task-1456' coro=<WebSocketProtocol13.write_message.<locals>.wrapper() done, defined at /home/aispark/Project/Facial_Rec/.venv/lib/python3.12/site-packages/tornado/websocket.py:1111> exception=WebSocketClosedError()>
Traceback (most recent call last):
  File "/home/aispark/Project/Facial_Rec/.venv/lib/python3.12/site-packages/tornado/websocket.py", line 1113, in wrapper
    await fut
tornado.iostream.StreamClosedError: Stream is closed

During handling of the above exception, another exception occurred:

Traceback (most recent call last):
  File "/home/aispark/Project/Facial_Rec/.venv/lib/python3.12/site-packages/tornado/websocket.py", line 1115, in wrapper
    raise WebSocketClosedError()
tornado.websocket.WebSocketClosedError
Task exception was never retrieved
future: <Task finished name='Task-1457' coro=<WebSocketProtocol13.write_message.<locals>.wrapper() done, defined at /home/aispark/Project/Facial_Rec/.venv/lib/python3.12/site-packages/tornado/websocket.py:1111> exception=WebSocketClosedError()>
Traceback (most recent call last):
  File "/home/aispark/Project/Facial_Rec/.venv/lib/python3.12/site-packages/tornado/websocket.py", line 1113, in wrapper
    await fut
tornado.iostream.StreamClosedError: Stream is closed

During handling of the above exception, another exception occurred:

Traceback (most recent call last):
  File "/home/aispark/Project/Facial_Rec/.venv/lib/python3.12/site-packages/tornado/websocket.py", line 1115, in wrapper
    raise WebSocketClosedError()
tornado.websocket.WebSocketClosedError
Task exception was never retrieved
future: <Task finished name='Task-1458' coro=<WebSocketProtocol13.write_message.<locals>.wrapper() done, defined at /home/aispark/Project/Facial_Rec/.venv/lib/python3.12/site-packages/tornado/websocket.py:1111> exception=WebSocketClosedError()>
Traceback (most recent call last):
  File "/home/aispark/Project/Facial_Rec/.venv/lib/python3.12/site-packages/tornado/websocket.py", line 1113, in wrapper
    await fut
tornado.iostream.StreamClosedError: Stream is closed

During handling of the above exception, another exception occurred:

Traceback (most recent call last):
  File "/home/aispark/Project/Facial_Rec/.venv/lib/python3.12/site-packages/tornado/websocket.py", line 1115, in wrapper
    raise WebSocketClosedError()
tornado.websocket.WebSocketClosedError
Task exception was never retrieved
future: <Task finished name='Task-1459' coro=<WebSocketProtocol13.write_message.<locals>.wrapper() done, defined at /home/aispark/Project/Facial_Rec/.venv/lib/python3.12/site-packages/tornado/websocket.py:1111> exception=WebSocketClosedError()>
Traceback (most recent call last):
  File "/home/aispark/Project/Facial_Rec/.venv/lib/python3.12/site-packages/tornado/websocket.py", line 1113, in wrapper
    await fut
tornado.iostream.StreamClosedError: Stream is closed

During handling of the above exception, another exception occurred:

Traceback (most recent call last):
  File "/home/aispark/Project/Facial_Rec/.venv/lib/python3.12/site-packages/tornado/websocket.py", line 1115, in wrapper
    raise WebSocketClosedError()
tornado.websocket.WebSocketClosedError
Task exception was never retrieved
future: <Task finished name='Task-1460' coro=<WebSocketProtocol13.write_message.<locals>.wrapper() done, defined at /home/aispark/Project/Facial_Rec/.venv/lib/python3.12/site-packages/tornado/websocket.py:1111> exception=WebSocketClosedError()>
Traceback (most recent call last):
  File "/home/aispark/Project/Facial_Rec/.venv/lib/python3.12/site-packages/tornado/websocket.py", line 1113, in wrapper
    await fut
tornado.iostream.StreamClosedError: Stream is closed

During handling of the above exception, another exception occurred:

Traceback (most recent call last):
  File "/home/aispark/Project/Facial_Rec/.venv/lib/python3.12/site-packages/tornado/websocket.py", line 1115, in wrapper
    raise WebSocketClosedError()
tornado.websocket.WebSocketClosedError
Task exception was never retrieved
future: <Task finished name='Task-1461' coro=<WebSocketProtocol13.write_message.<locals>.wrapper() done, defined at /home/aispark/Project/Facial_Rec/.venv/lib/python3.12/site-packages/tornado/websocket.py:1111> exception=WebSocketClosedError()>
Traceback (most recent call last):
  File "/home/aispark/Project/Facial_Rec/.venv/lib/python3.12/site-packages/tornado/websocket.py", line 1113, in wrapper
    await fut
tornado.iostream.StreamClosedError: Stream is closed

During handling of the above exception, another exception occurred:

Traceback (most recent call last):
  File "/home/aispark/Project/Facial_Rec/.venv/lib/python3.12/site-packages/tornado/websocket.py", line 1115, in wrapper
    raise WebSocketClosedError()
tornado.websocket.WebSocketClosedError
Task exception was never retrieved
future: <Task finished name='Task-1462' coro=<WebSocketProtocol13.write_message.<locals>.wrapper() done, defined at /home/aispark/Project/Facial_Rec/.venv/lib/python3.12/site-packages/tornado/websocket.py:1111> exception=WebSocketClosedError()>
Traceback (most recent call last):
  File "/home/aispark/Project/Facial_Rec/.venv/lib/python3.12/site-packages/tornado/websocket.py", line 1113, in wrapper
    await fut
tornado.iostream.StreamClosedError: Stream is closed

During handling of the above exception, another exception occurred:

Traceback (most recent call last):
  File "/home/aispark/Project/Facial_Rec/.venv/lib/python3.12/site-packages/tornado/websocket.py", line 1115, in wrapper
    raise WebSocketClosedError()
tornado.websocket.WebSocketClosedError
Task exception was never retrieved
future: <Task finished name='Task-1463' coro=<WebSocketProtocol13.write_message.<locals>.wrapper() done, defined at /home/aispark/Project/Facial_Rec/.venv/lib/python3.12/site-packages/tornado/websocket.py:1111> exception=WebSocketClosedError()>
Traceback (most recent call last):
  File "/home/aispark/Project/Facial_Rec/.venv/lib/python3.12/site-packages/tornado/websocket.py", line 1113, in wrapper
    await fut
tornado.iostream.StreamClosedError: Stream is closed

During handling of the above exception, another exception occurred:

Traceback (most recent call last):
  File "/home/aispark/Project/Facial_Rec/.venv/lib/python3.12/site-packages/tornado/websocket.py", line 1115, in wrapper
    raise WebSocketClosedError()
tornado.websocket.WebSocketClosedError
Task exception was never retrieved
future: <Task finished name='Task-1464' coro=<WebSocketProtocol13.write_message.<locals>.wrapper() done, defined at /home/aispark/Project/Facial_Rec/.venv/lib/python3.12/site-packages/tornado/websocket.py:1111> exception=WebSocketClosedError()>
Traceback (most recent call last):
  File "/home/aispark/Project/Facial_Rec/.venv/lib/python3.12/site-packages/tornado/websocket.py", line 1113, in wrapper
    await fut
tornado.iostream.StreamClosedError: Stream is closed

During handling of the above exception, another exception occurred:

Traceback (most recent call last):
  File "/home/aispark/Project/Facial_Rec/.venv/lib/python3.12/site-packages/tornado/websocket.py", line 1115, in wrapper
    raise WebSocketClosedError()
tornado.websocket.WebSocketClosedError
Task exception was never retrieved
future: <Task finished name='Task-1465' coro=<WebSocketProtocol13.write_message.<locals>.wrapper() done, defined at /home/aispark/Project/Facial_Rec/.venv/lib/python3.12/site-packages/tornado/websocket.py:1111> exception=WebSocketClosedError()>
Traceback (most recent call last):
  File "/home/aispark/Project/Facial_Rec/.venv/lib/python3.12/site-packages/tornado/websocket.py", line 1113, in wrapper
    await fut
tornado.iostream.StreamClosedError: Stream is closed

During handling of the above exception, another exception occurred:

Traceback (most recent call last):
  File "/home/aispark/Project/Facial_Rec/.venv/lib/python3.12/site-packages/tornado/websocket.py", line 1115, in wrapper
    raise WebSocketClosedError()
tornado.websocket.WebSocketClosedError
Task exception was never retrieved
future: <Task finished name='Task-1466' coro=<WebSocketProtocol13.write_message.<locals>.wrapper() done, defined at /home/aispark/Project/Facial_Rec/.venv/lib/python3.12/site-packages/tornado/websocket.py:1111> exception=WebSocketClosedError()>
Traceback (most recent call last):
  File "/home/aispark/Project/Facial_Rec/.venv/lib/python3.12/site-packages/tornado/websocket.py", line 1113, in wrapper
    await fut
tornado.iostream.StreamClosedError: Stream is closed

During handling of the above exception, another exception occurred:

Traceback (most recent call last):
  File "/home/aispark/Project/Facial_Rec/.venv/lib/python3.12/site-packages/tornado/websocket.py", line 1115, in wrapper
    raise WebSocketClosedError()
tornado.websocket.WebSocketClosedError
Task exception was never retrieved
future: <Task finished name='Task-1467' coro=<WebSocketProtocol13.write_message.<locals>.wrapper() done, defined at /home/aispark/Project/Facial_Rec/.venv/lib/python3.12/site-packages/tornado/websocket.py:1111> exception=WebSocketClosedError()>
Traceback (most recent call last):
  File "/home/aispark/Project/Facial_Rec/.venv/lib/python3.12/site-packages/tornado/websocket.py", line 1113, in wrapper
    await fut
tornado.iostream.StreamClosedError: Stream is closed

During handling of the above exception, another exception occurred:

Traceback (most recent call last):
  File "/home/aispark/Project/Facial_Rec/.venv/lib/python3.12/site-packages/tornado/websocket.py", line 1115, in wrapper
    raise WebSocketClosedError()
tornado.websocket.WebSocketClosedError
Task exception was never retrieved
future: <Task finished name='Task-1468' coro=<WebSocketProtocol13.write_message.<locals>.wrapper() done, defined at /home/aispark/Project/Facial_Rec/.venv/lib/python3.12/site-packages/tornado/websocket.py:1111> exception=WebSocketClosedError()>
Traceback (most recent call last):
  File "/home/aispark/Project/Facial_Rec/.venv/lib/python3.12/site-packages/tornado/websocket.py", line 1113, in wrapper
    await fut
tornado.iostream.StreamClosedError: Stream is closed

During handling of the above exception, another exception occurred:

Traceback (most recent call last):
  File "/home/aispark/Project/Facial_Rec/.venv/lib/python3.12/site-packages/tornado/websocket.py", line 1115, in wrapper
    raise WebSocketClosedError()
tornado.websocket.WebSocketClosedError
Task exception was never retrieved
future: <Task finished name='Task-1469' coro=<WebSocketProtocol13.write_message.<locals>.wrapper() done, defined at /home/aispark/Project/Facial_Rec/.venv/lib/python3.12/site-packages/tornado/websocket.py:1111> exception=WebSocketClosedError()>
Traceback (most recent call last):
  File "/home/aispark/Project/Facial_Rec/.venv/lib/python3.12/site-packages/tornado/websocket.py", line 1113, in wrapper
    await fut
tornado.iostream.StreamClosedError: Stream is closed

During handling of the above exception, another exception occurred:

Traceback (most recent call last):
  File "/home/aispark/Project/Facial_Rec/.venv/lib/python3.12/site-packages/tornado/websocket.py", line 1115, in wrapper
    raise WebSocketClosedError()
tornado.websocket.WebSocketClosedError
Task exception was never retrieved
future: <Task finished name='Task-1470' coro=<WebSocketProtocol13.write_message.<locals>.wrapper() done, defined at /home/aispark/Project/Facial_Rec/.venv/lib/python3.12/site-packages/tornado/websocket.py:1111> exception=WebSocketClosedError()>
Traceback (most recent call last):
  File "/home/aispark/Project/Facial_Rec/.venv/lib/python3.12/site-packages/tornado/websocket.py", line 1113, in wrapper
    await fut
tornado.iostream.StreamClosedError: Stream is closed

During handling of the above exception, another exception occurred:

Traceback (most recent call last):
  File "/home/aispark/Project/Facial_Rec/.venv/lib/python3.12/site-packages/tornado/websocket.py", line 1115, in wrapper
    raise WebSocketClosedError()
tornado.websocket.WebSocketClosedError
Task exception was never retrieved
future: <Task finished name='Task-1473' coro=<WebSocketProtocol13.write_message.<locals>.wrapper() done, defined at /home/aispark/Project/Facial_Rec/.venv/lib/python3.12/site-packages/tornado/websocket.py:1111> exception=WebSocketClosedError()>
Traceback (most recent call last):
  File "/home/aispark/Project/Facial_Rec/.venv/lib/python3.12/site-packages/tornado/websocket.py", line 1113, in wrapper
    await fut
tornado.iostream.StreamClosedError: Stream is closed

During handling of the above exception, another exception occurred:

Traceback (most recent call last):
  File "/home/aispark/Project/Facial_Rec/.venv/lib/python3.12/site-packages/tornado/websocket.py", line 1115, in wrapper
    raise WebSocketClosedError()
tornado.websocket.WebSocketClosedError
Task exception was never retrieved
future: <Task finished name='Task-1474' coro=<WebSocketProtocol13.write_message.<locals>.wrapper() done, defined at /home/aispark/Project/Facial_Rec/.venv/lib/python3.12/site-packages/tornado/websocket.py:1111> exception=WebSocketClosedError()>
Traceback (most recent call last):
  File "/home/aispark/Project/Facial_Rec/.venv/lib/python3.12/site-packages/tornado/websocket.py", line 1113, in wrapper
    await fut
tornado.iostream.StreamClosedError: Stream is closed

During handling of the above exception, another exception occurred:

Traceback (most recent call last):
  File "/home/aispark/Project/Facial_Rec/.venv/lib/python3.12/site-packages/tornado/websocket.py", line 1115, in wrapper
    raise WebSocketClosedError()
tornado.websocket.WebSocketClosedError
Task exception was never retrieved
future: <Task finished name='Task-1475' coro=<WebSocketProtocol13.write_message.<locals>.wrapper() done, defined at /home/aispark/Project/Facial_Rec/.venv/lib/python3.12/site-packages/tornado/websocket.py:1111> exception=WebSocketClosedError()>
Traceback (most recent call last):
  File "/home/aispark/Project/Facial_Rec/.venv/lib/python3.12/site-packages/tornado/websocket.py", line 1113, in wrapper
    await fut
tornado.iostream.StreamClosedError: Stream is closed

During handling of the above exception, another exception occurred:

Traceback (most recent call last):
  File "/home/aispark/Project/Facial_Rec/.venv/lib/python3.12/site-packages/tornado/websocket.py", line 1115, in wrapper
    raise WebSocketClosedError()
tornado.websocket.WebSocketClosedError
Task exception was never retrieved
future: <Task finished name='Task-1476' coro=<WebSocketProtocol13.write_message.<locals>.wrapper() done, defined at /home/aispark/Project/Facial_Rec/.venv/lib/python3.12/site-packages/tornado/websocket.py:1111> exception=WebSocketClosedError()>
Traceback (most recent call last):
  File "/home/aispark/Project/Facial_Rec/.venv/lib/python3.12/site-packages/tornado/websocket.py", line 1113, in wrapper
    await fut
tornado.iostream.StreamClosedError: Stream is closed

During handling of the above exception, another exception occurred:

Traceback (most recent call last):
  File "/home/aispark/Project/Facial_Rec/.venv/lib/python3.12/site-packages/tornado/websocket.py", line 1115, in wrapper
    raise WebSocketClosedError()
tornado.websocket.WebSocketClosedError
Task exception was never retrieved
future: <Task finished name='Task-1477' coro=<WebSocketProtocol13.write_message.<locals>.wrapper() done, defined at /home/aispark/Project/Facial_Rec/.venv/lib/python3.12/site-packages/tornado/websocket.py:1111> exception=WebSocketClosedError()>
Traceback (most recent call last):
  File "/home/aispark/Project/Facial_Rec/.venv/lib/python3.12/site-packages/tornado/websocket.py", line 1113, in wrapper
    await fut
tornado.iostream.StreamClosedError: Stream is closed

During handling of the above exception, another exception occurred:

Traceback (most recent call last):
  File "/home/aispark/Project/Facial_Rec/.venv/lib/python3.12/site-packages/tornado/websocket.py", line 1115, in wrapper
    raise WebSocketClosedError()
tornado.websocket.WebSocketClosedError
Task exception was never retrieved
future: <Task finished name='Task-1478' coro=<WebSocketProtocol13.write_message.<locals>.wrapper() done, defined at /home/aispark/Project/Facial_Rec/.venv/lib/python3.12/site-packages/tornado/websocket.py:1111> exception=WebSocketClosedError()>
Traceback (most recent call last):
  File "/home/aispark/Project/Facial_Rec/.venv/lib/python3.12/site-packages/tornado/websocket.py", line 1113, in wrapper
    await fut
tornado.iostream.StreamClosedError: Stream is closed

During handling of the above exception, another exception occurred:

Traceback (most recent call last):
  File "/home/aispark/Project/Facial_Rec/.venv/lib/python3.12/site-packages/tornado/websocket.py", line 1115, in wrapper
    raise WebSocketClosedError()
tornado.websocket.WebSocketClosedError
Task exception was never retrieved
future: <Task finished name='Task-1481' coro=<WebSocketProtocol13.write_message.<locals>.wrapper() done, defined at /home/aispark/Project/Facial_Rec/.venv/lib/python3.12/site-packages/tornado/websocket.py:1111> exception=WebSocketClosedError()>
Traceback (most recent call last):
  File "/home/aispark/Project/Facial_Rec/.venv/lib/python3.12/site-packages/tornado/websocket.py", line 1113, in wrapper
    await fut
tornado.iostream.StreamClosedError: Stream is closed

During handling of the above exception, another exception occurred:

Traceback (most recent call last):
  File "/home/aispark/Project/Facial_Rec/.venv/lib/python3.12/site-packages/tornado/websocket.py", line 1115, in wrapper
    raise WebSocketClosedError()
tornado.websocket.WebSocketClosedError
Task exception was never retrieved
future: <Task finished name='Task-1482' coro=<WebSocketProtocol13.write_message.<locals>.wrapper() done, defined at /home/aispark/Project/Facial_Rec/.venv/lib/python3.12/site-packages/tornado/websocket.py:1111> exception=WebSocketClosedError()>
Traceback (most recent call last):
  File "/home/aispark/Project/Facial_Rec/.venv/lib/python3.12/site-packages/tornado/websocket.py", line 1113, in wrapper
    await fut
tornado.iostream.StreamClosedError: Stream is closed

During handling of the above exception, another exception occurred:

Traceback (most recent call last):
  File "/home/aispark/Project/Facial_Rec/.venv/lib/python3.12/site-packages/tornado/websocket.py", line 1115, in wrapper
    raise WebSocketClosedError()
tornado.websocket.WebSocketClosedError
Task exception was never retrieved
future: <Task finished name='Task-1485' coro=<WebSocketProtocol13.write_message.<locals>.wrapper() done, defined at /home/aispark/Project/Facial_Rec/.venv/lib/python3.12/site-packages/tornado/websocket.py:1111> exception=WebSocketClosedError()>
Traceback (most recent call last):
  File "/home/aispark/Project/Facial_Rec/.venv/lib/python3.12/site-packages/tornado/websocket.py", line 1113, in wrapper
    await fut
tornado.iostream.StreamClosedError: Stream is closed

During handling of the above exception, another exception occurred:

Traceback (most recent call last):
  File "/home/aispark/Project/Facial_Rec/.venv/lib/python3.12/site-packages/tornado/websocket.py", line 1115, in wrapper
    raise WebSocketClosedError()
tornado.websocket.WebSocketClosedError
Task exception was never retrieved
future: <Task finished name='Task-1486' coro=<WebSocketProtocol13.write_message.<locals>.wrapper() done, defined at /home/aispark/Project/Facial_Rec/.venv/lib/python3.12/site-packages/tornado/websocket.py:1111> exception=WebSocketClosedError()>
Traceback (most recent call last):
  File "/home/aispark/Project/Facial_Rec/.venv/lib/python3.12/site-packages/tornado/websocket.py", line 1113, in wrapper
    await fut
tornado.iostream.StreamClosedError: Stream is closed

During handling of the above exception, another exception occurred:

Traceback (most recent call last):
  File "/home/aispark/Project/Facial_Rec/.venv/lib/python3.12/site-packages/tornado/websocket.py", line 1115, in wrapper
    raise WebSocketClosedError()
tornado.websocket.WebSocketClosedError
Task exception was never retrieved
future: <Task finished name='Task-1491' coro=<WebSocketProtocol13.write_message.<locals>.wrapper() done, defined at /home/aispark/Project/Facial_Rec/.venv/lib/python3.12/site-packages/tornado/websocket.py:1111> exception=WebSocketClosedError()>
Traceback (most recent call last):
  File "/home/aispark/Project/Facial_Rec/.venv/lib/python3.12/site-packages/tornado/websocket.py", line 1113, in wrapper
    await fut
tornado.iostream.StreamClosedError: Stream is closed

During handling of the above exception, another exception occurred:

Traceback (most recent call last):
  File "/home/aispark/Project/Facial_Rec/.venv/lib/python3.12/site-packages/tornado/websocket.py", line 1115, in wrapper
    raise WebSocketClosedError()
tornado.websocket.WebSocketClosedError
Task exception was never retrieved
future: <Task finished name='Task-1492' coro=<WebSocketProtocol13.write_message.<locals>.wrapper() done, defined at /home/aispark/Project/Facial_Rec/.venv/lib/python3.12/site-packages/tornado/websocket.py:1111> exception=WebSocketClosedError()>
Traceback (most recent call last):
  File "/home/aispark/Project/Facial_Rec/.venv/lib/python3.12/site-packages/tornado/websocket.py", line 1113, in wrapper
    await fut
tornado.iostream.StreamClosedError: Stream is closed

During handling of the above exception, another exception occurred:

Traceback (most recent call last):
  File "/home/aispark/Project/Facial_Rec/.venv/lib/python3.12/site-packages/tornado/websocket.py", line 1115, in wrapper
    raise WebSocketClosedError()
tornado.websocket.WebSocketClosedError
Task exception was never retrieved
future: <Task finished name='Task-1493' coro=<WebSocketProtocol13.write_message.<locals>.wrapper() done, defined at /home/aispark/Project/Facial_Rec/.venv/lib/python3.12/site-packages/tornado/websocket.py:1111> exception=WebSocketClosedError()>
Traceback (most recent call last):
  File "/home/aispark/Project/Facial_Rec/.venv/lib/python3.12/site-packages/tornado/websocket.py", line 1113, in wrapper
    await fut
tornado.iostream.StreamClosedError: Stream is closed

During handling of the above exception, another exception occurred:

Traceback (most recent call last):
  File "/home/aispark/Project/Facial_Rec/.venv/lib/python3.12/site-packages/tornado/websocket.py", line 1115, in wrapper
    raise WebSocketClosedError()
tornado.websocket.WebSocketClosedError
Task exception was never retrieved
future: <Task finished name='Task-1494' coro=<WebSocketProtocol13.write_message.<locals>.wrapper() done, defined at /home/aispark/Project/Facial_Rec/.venv/lib/python3.12/site-packages/tornado/websocket.py:1111> exception=WebSocketClosedError()>
Traceback (most recent call last):
  File "/home/aispark/Project/Facial_Rec/.venv/lib/python3.12/site-packages/tornado/websocket.py", line 1113, in wrapper
    await fut
tornado.iostream.StreamClosedError: Stream is closed

During handling of the above exception, another exception occurred:

Traceback (most recent call last):
  File "/home/aispark/Project/Facial_Rec/.venv/lib/python3.12/site-packages/tornado/websocket.py", line 1115, in wrapper
    raise WebSocketClosedError()
tornado.websocket.WebSocketClosedError
Task exception was never retrieved
future: <Task finished name='Task-1495' coro=<WebSocketProtocol13.write_message.<locals>.wrapper() done, defined at /home/aispark/Project/Facial_Rec/.venv/lib/python3.12/site-packages/tornado/websocket.py:1111> exception=WebSocketClosedError()>
Traceback (most recent call last):
  File "/home/aispark/Project/Facial_Rec/.venv/lib/python3.12/site-packages/tornado/websocket.py", line 1113, in wrapper
    await fut
tornado.iostream.StreamClosedError: Stream is closed

During handling of the above exception, another exception occurred:

Traceback (most recent call last):
  File "/home/aispark/Project/Facial_Rec/.venv/lib/python3.12/site-packages/tornado/websocket.py", line 1115, in wrapper
    raise WebSocketClosedError()
tornado.websocket.WebSocketClosedError
Task exception was never retrieved
future: <Task finished name='Task-1496' coro=<WebSocketProtocol13.write_message.<locals>.wrapper() done, defined at /home/aispark/Project/Facial_Rec/.venv/lib/python3.12/site-packages/tornado/websocket.py:1111> exception=WebSocketClosedError()>
Traceback (most recent call last):
  File "/home/aispark/Project/Facial_Rec/.venv/lib/python3.12/site-packages/tornado/websocket.py", line 1113, in wrapper
    await fut
tornado.iostream.StreamClosedError: Stream is closed

During handling of the above exception, another exception occurred:

Traceback (most recent call last):
  File "/home/aispark/Project/Facial_Rec/.venv/lib/python3.12/site-packages/tornado/websocket.py", line 1115, in wrapper
    raise WebSocketClosedError()
tornado.websocket.WebSocketClosedError
Task exception was never retrieved
future: <Task finished name='Task-1497' coro=<WebSocketProtocol13.write_message.<locals>.wrapper() done, defined at /home/aispark/Project/Facial_Rec/.venv/lib/python3.12/site-packages/tornado/websocket.py:1111> exception=WebSocketClosedError()>
Traceback (most recent call last):
  File "/home/aispark/Project/Facial_Rec/.venv/lib/python3.12/site-packages/tornado/websocket.py", line 1113, in wrapper
    await fut
tornado.iostream.StreamClosedError: Stream is closed

During handling of the above exception, another exception occurred:

Traceback (most recent call last):
  File "/home/aispark/Project/Facial_Rec/.venv/lib/python3.12/site-packages/tornado/websocket.py", line 1115, in wrapper
    raise WebSocketClosedError()
tornado.websocket.WebSocketClosedError
Task exception was never retrieved
future: <Task finished name='Task-1498' coro=<WebSocketProtocol13.write_message.<locals>.wrapper() done, defined at /home/aispark/Project/Facial_Rec/.venv/lib/python3.12/site-packages/tornado/websocket.py:1111> exception=WebSocketClosedError()>
Traceback (most recent call last):
  File "/home/aispark/Project/Facial_Rec/.venv/lib/python3.12/site-packages/tornado/websocket.py", line 1113, in wrapper
    await fut
tornado.iostream.StreamClosedError: Stream is closed

During handling of the above exception, another exception occurred:

Traceback (most recent call last):
  File "/home/aispark/Project/Facial_Rec/.venv/lib/python3.12/site-packages/tornado/websocket.py", line 1115, in wrapper
    raise WebSocketClosedError()
tornado.websocket.WebSocketClosedError
Task exception was never retrieved
future: <Task finished name='Task-1502' coro=<WebSocketProtocol13.write_message.<locals>.wrapper() done, defined at /home/aispark/Project/Facial_Rec/.venv/lib/python3.12/site-packages/tornado/websocket.py:1111> exception=WebSocketClosedError()>
Traceback (most recent call last):
  File "/home/aispark/Project/Facial_Rec/.venv/lib/python3.12/site-packages/tornado/websocket.py", line 1113, in wrapper
    await fut
tornado.iostream.StreamClosedError: Stream is closed

During handling of the above exception, another exception occurred:

Traceback (most recent call last):
  File "/home/aispark/Project/Facial_Rec/.venv/lib/python3.12/site-packages/tornado/websocket.py", line 1115, in wrapper
    raise WebSocketClosedError()
tornado.websocket.WebSocketClosedError
Task exception was never retrieved
future: <Task finished name='Task-1503' coro=<WebSocketProtocol13.write_message.<locals>.wrapper() done, defined at /home/aispark/Project/Facial_Rec/.venv/lib/python3.12/site-packages/tornado/websocket.py:1111> exception=WebSocketClosedError()>
Traceback (most recent call last):
  File "/home/aispark/Project/Facial_Rec/.venv/lib/python3.12/site-packages/tornado/websocket.py", line 1113, in wrapper
    await fut
tornado.iostream.StreamClosedError: Stream is closed

During handling of the above exception, another exception occurred:

Traceback (most recent call last):
  File "/home/aispark/Project/Facial_Rec/.venv/lib/python3.12/site-packages/tornado/websocket.py", line 1115, in wrapper
    raise WebSocketClosedError()
tornado.websocket.WebSocketClosedError
Task exception was never retrieved
future: <Task finished name='Task-1504' coro=<WebSocketProtocol13.write_message.<locals>.wrapper() done, defined at /home/aispark/Project/Facial_Rec/.venv/lib/python3.12/site-packages/tornado/websocket.py:1111> exception=WebSocketClosedError()>
Traceback (most recent call last):
  File "/home/aispark/Project/Facial_Rec/.venv/lib/python3.12/site-packages/tornado/websocket.py", line 1113, in wrapper
    await fut
tornado.iostream.StreamClosedError: Stream is closed

During handling of the above exception, another exception occurred:

Traceback (most recent call last):
  File "/home/aispark/Project/Facial_Rec/.venv/lib/python3.12/site-packages/tornado/websocket.py", line 1115, in wrapper
    raise WebSocketClosedError()
tornado.websocket.WebSocketClosedError
Task exception was never retrieved
future: <Task finished name='Task-1505' coro=<WebSocketProtocol13.write_message.<locals>.wrapper() done, defined at /home/aispark/Project/Facial_Rec/.venv/lib/python3.12/site-packages/tornado/websocket.py:1111> exception=WebSocketClosedError()>
Traceback (most recent call last):
  File "/home/aispark/Project/Facial_Rec/.venv/lib/python3.12/site-packages/tornado/websocket.py", line 1113, in wrapper
    await fut
tornado.iostream.StreamClosedError: Stream is closed

During handling of the above exception, another exception occurred:

Traceback (most recent call last):
  File "/home/aispark/Project/Facial_Rec/.venv/lib/python3.12/site-packages/tornado/websocket.py", line 1115, in wrapper
    raise WebSocketClosedError()
tornado.websocket.WebSocketClosedError
Task exception was never retrieved
future: <Task finished name='Task-1508' coro=<WebSocketProtocol13.write_message.<locals>.wrapper() done, defined at /home/aispark/Project/Facial_Rec/.venv/lib/python3.12/site-packages/tornado/websocket.py:1111> exception=WebSocketClosedError()>
Traceback (most recent call last):
  File "/home/aispark/Project/Facial_Rec/.venv/lib/python3.12/site-packages/tornado/websocket.py", line 1113, in wrapper
    await fut
tornado.iostream.StreamClosedError: Stream is closed

During handling of the above exception, another exception occurred:

Traceback (most recent call last):
  File "/home/aispark/Project/Facial_Rec/.venv/lib/python3.12/site-packages/tornado/websocket.py", line 1115, in wrapper
    raise WebSocketClosedError()
tornado.websocket.WebSocketClosedError
Task exception was never retrieved
future: <Task finished name='Task-1509' coro=<WebSocketProtocol13.write_message.<locals>.wrapper() done, defined at /home/aispark/Project/Facial_Rec/.venv/lib/python3.12/site-packages/tornado/websocket.py:1111> exception=WebSocketClosedError()>
Traceback (most recent call last):
  File "/home/aispark/Project/Facial_Rec/.venv/lib/python3.12/site-packages/tornado/websocket.py", line 1113, in wrapper
    await fut
tornado.iostream.StreamClosedError: Stream is closed

During handling of the above exception, another exception occurred:

Traceback (most recent call last):
  File "/home/aispark/Project/Facial_Rec/.venv/lib/python3.12/site-packages/tornado/websocket.py", line 1115, in wrapper
    raise WebSocketClosedError()
tornado.websocket.WebSocketClosedError
Task exception was never retrieved
future: <Task finished name='Task-1510' coro=<WebSocketProtocol13.write_message.<locals>.wrapper() done, defined at /home/aispark/Project/Facial_Rec/.venv/lib/python3.12/site-packages/tornado/websocket.py:1111> exception=WebSocketClosedError()>
Traceback (most recent call last):
  File "/home/aispark/Project/Facial_Rec/.venv/lib/python3.12/site-packages/tornado/websocket.py", line 1113, in wrapper
    await fut
tornado.iostream.StreamClosedError: Stream is closed

During handling of the above exception, another exception occurred:

Traceback (most recent call last):
  File "/home/aispark/Project/Facial_Rec/.venv/lib/python3.12/site-packages/tornado/websocket.py", line 1115, in wrapper
    raise WebSocketClosedError()
tornado.websocket.WebSocketClosedError
Task exception was never retrieved
future: <Task finished name='Task-1511' coro=<WebSocketProtocol13.write_message.<locals>.wrapper() done, defined at /home/aispark/Project/Facial_Rec/.venv/lib/python3.12/site-packages/tornado/websocket.py:1111> exception=WebSocketClosedError()>
Traceback (most recent call last):
  File "/home/aispark/Project/Facial_Rec/.venv/lib/python3.12/site-packages/tornado/websocket.py", line 1113, in wrapper
    await fut
tornado.iostream.StreamClosedError: Stream is closed

During handling of the above exception, another exception occurred:

Traceback (most recent call last):
  File "/home/aispark/Project/Facial_Rec/.venv/lib/python3.12/site-packages/tornado/websocket.py", line 1115, in wrapper
    raise WebSocketClosedError()
tornado.websocket.WebSocketClosedError
Task exception was never retrieved
future: <Task finished name='Task-1512' coro=<WebSocketProtocol13.write_message.<locals>.wrapper() done, defined at /home/aispark/Project/Facial_Rec/.venv/lib/python3.12/site-packages/tornado/websocket.py:1111> exception=WebSocketClosedError()>
Traceback (most recent call last):
  File "/home/aispark/Project/Facial_Rec/.venv/lib/python3.12/site-packages/tornado/websocket.py", line 1113, in wrapper
    await fut
tornado.iostream.StreamClosedError: Stream is closed

During handling of the above exception, another exception occurred:

Traceback (most recent call last):
  File "/home/aispark/Project/Facial_Rec/.venv/lib/python3.12/site-packages/tornado/websocket.py", line 1115, in wrapper
    raise WebSocketClosedError()
tornado.websocket.WebSocketClosedError
Task exception was never retrieved
future: <Task finished name='Task-1513' coro=<WebSocketProtocol13.write_message.<locals>.wrapper() done, defined at /home/aispark/Project/Facial_Rec/.venv/lib/python3.12/site-packages/tornado/websocket.py:1111> exception=WebSocketClosedError()>
Traceback (most recent call last):
  File "/home/aispark/Project/Facial_Rec/.venv/lib/python3.12/site-packages/tornado/websocket.py", line 1113, in wrapper
    await fut
tornado.iostream.StreamClosedError: Stream is closed

During handling of the above exception, another exception occurred:

Traceback (most recent call last):
  File "/home/aispark/Project/Facial_Rec/.venv/lib/python3.12/site-packages/tornado/websocket.py", line 1115, in wrapper
    raise WebSocketClosedError()
tornado.websocket.WebSocketClosedError
Task exception was never retrieved
future: <Task finished name='Task-1516' coro=<WebSocketProtocol13.write_message.<locals>.wrapper() done, defined at /home/aispark/Project/Facial_Rec/.venv/lib/python3.12/site-packages/tornado/websocket.py:1111> exception=WebSocketClosedError()>
Traceback (most recent call last):
  File "/home/aispark/Project/Facial_Rec/.venv/lib/python3.12/site-packages/tornado/websocket.py", line 1113, in wrapper
    await fut
tornado.iostream.StreamClosedError: Stream is closed

During handling of the above exception, another exception occurred:

Traceback (most recent call last):
  File "/home/aispark/Project/Facial_Rec/.venv/lib/python3.12/site-packages/tornado/websocket.py", line 1115, in wrapper
    raise WebSocketClosedError()
tornado.websocket.WebSocketClosedError
Task exception was never retrieved
future: <Task finished name='Task-1517' coro=<WebSocketProtocol13.write_message.<locals>.wrapper() done, defined at /home/aispark/Project/Facial_Rec/.venv/lib/python3.12/site-packages/tornado/websocket.py:1111> exception=WebSocketClosedError()>
Traceback (most recent call last):
  File "/home/aispark/Project/Facial_Rec/.venv/lib/python3.12/site-packages/tornado/websocket.py", line 1113, in wrapper
    await fut
tornado.iostream.StreamClosedError: Stream is closed

During handling of the above exception, another exception occurred:

Traceback (most recent call last):
  File "/home/aispark/Project/Facial_Rec/.venv/lib/python3.12/site-packages/tornado/websocket.py", line 1115, in wrapper
    raise WebSocketClosedError()
tornado.websocket.WebSocketClosedError
Task exception was never retrieved
future: <Task finished name='Task-1521' coro=<WebSocketProtocol13.write_message.<locals>.wrapper() done, defined at /home/aispark/Project/Facial_Rec/.venv/lib/python3.12/site-packages/tornado/websocket.py:1111> exception=WebSocketClosedError()>
Traceback (most recent call last):
  File "/home/aispark/Project/Facial_Rec/.venv/lib/python3.12/site-packages/tornado/websocket.py", line 1113, in wrapper
    await fut
tornado.iostream.StreamClosedError: Stream is closed

During handling of the above exception, another exception occurred:

Traceback (most recent call last):
  File "/home/aispark/Project/Facial_Rec/.venv/lib/python3.12/site-packages/tornado/websocket.py", line 1115, in wrapper
    raise WebSocketClosedError()
tornado.websocket.WebSocketClosedError
Task exception was never retrieved
future: <Task finished name='Task-1522' coro=<WebSocketProtocol13.write_message.<locals>.wrapper() done, defined at /home/aispark/Project/Facial_Rec/.venv/lib/python3.12/site-packages/tornado/websocket.py:1111> exception=WebSocketClosedError()>
Traceback (most recent call last):
  File "/home/aispark/Project/Facial_Rec/.venv/lib/python3.12/site-packages/tornado/websocket.py", line 1113, in wrapper
    await fut
tornado.iostream.StreamClosedError: Stream is closed

During handling of the above exception, another exception occurred:

Traceback (most recent call last):
  File "/home/aispark/Project/Facial_Rec/.venv/lib/python3.12/site-packages/tornado/websocket.py", line 1115, in wrapper
    raise WebSocketClosedError()
tornado.websocket.WebSocketClosedError
Task exception was never retrieved
future: <Task finished name='Task-1523' coro=<WebSocketProtocol13.write_message.<locals>.wrapper() done, defined at /home/aispark/Project/Facial_Rec/.venv/lib/python3.12/site-packages/tornado/websocket.py:1111> exception=WebSocketClosedError()>
Traceback (most recent call last):
  File "/home/aispark/Project/Facial_Rec/.venv/lib/python3.12/site-packages/tornado/websocket.py", line 1113, in wrapper
    await fut
tornado.iostream.StreamClosedError: Stream is closed

During handling of the above exception, another exception occurred:

Traceback (most recent call last):
  File "/home/aispark/Project/Facial_Rec/.venv/lib/python3.12/site-packages/tornado/websocket.py", line 1115, in wrapper
    raise WebSocketClosedError()
tornado.websocket.WebSocketClosedError
Task exception was never retrieved
future: <Task finished name='Task-1735' coro=<WebSocketProtocol13.write_message.<locals>.wrapper() done, defined at /home/aispark/Project/Facial_Rec/.venv/lib/python3.12/site-packages/tornado/websocket.py:1111> exception=WebSocketClosedError()>
Traceback (most recent call last):
  File "/home/aispark/Project/Facial_Rec/.venv/lib/python3.12/site-packages/tornado/websocket.py", line 1113, in wrapper
    await fut
tornado.iostream.StreamClosedError: Stream is closed

During handling of the above exception, another exception occurred:

Traceback (most recent call last):
  File "/home/aispark/Project/Facial_Rec/.venv/lib/python3.12/site-packages/tornado/websocket.py", line 1115, in wrapper
    raise WebSocketClosedError()
tornado.websocket.WebSocketClosedError
Task exception was never retrieved
future: <Task finished name='Task-1736' coro=<WebSocketProtocol13.write_message.<locals>.wrapper() done, defined at /home/aispark/Project/Facial_Rec/.venv/lib/python3.12/site-packages/tornado/websocket.py:1111> exception=WebSocketClosedError()>
Traceback (most recent call last):
  File "/home/aispark/Project/Facial_Rec/.venv/lib/python3.12/site-packages/tornado/websocket.py", line 1113, in wrapper
    await fut
tornado.iostream.StreamClosedError: Stream is closed

During handling of the above exception, another exception occurred:

Traceback (most recent call last):
  File "/home/aispark/Project/Facial_Rec/.venv/lib/python3.12/site-packages/tornado/websocket.py", line 1115, in wrapper
    raise WebSocketClosedError()
tornado.websocket.WebSocketClosedError
Task exception was never retrieved
future: <Task finished name='Task-1737' coro=<WebSocketProtocol13.write_message.<locals>.wrapper() done, defined at /home/aispark/Project/Facial_Rec/.venv/lib/python3.12/site-packages/tornado/websocket.py:1111> exception=WebSocketClosedError()>
Traceback (most recent call last):
  File "/home/aispark/Project/Facial_Rec/.venv/lib/python3.12/site-packages/tornado/websocket.py", line 1113, in wrapper
    await fut
tornado.iostream.StreamClosedError: Stream is closed

During handling of the above exception, another exception occurred:

Traceback (most recent call last):
  File "/home/aispark/Project/Facial_Rec/.venv/lib/python3.12/site-packages/tornado/websocket.py", line 1115, in wrapper
    raise WebSocketClosedError()
tornado.websocket.WebSocketClosedError
Task exception was never retrieved
future: <Task finished name='Task-1740' coro=<WebSocketProtocol13.write_message.<locals>.wrapper() done, defined at /home/aispark/Project/Facial_Rec/.venv/lib/python3.12/site-packages/tornado/websocket.py:1111> exception=WebSocketClosedError()>
Traceback (most recent call last):
  File "/home/aispark/Project/Facial_Rec/.venv/lib/python3.12/site-packages/tornado/websocket.py", line 1113, in wrapper
    await fut
tornado.iostream.StreamClosedError: Stream is closed

During handling of the above exception, another exception occurred:

Traceback (most recent call last):
  File "/home/aispark/Project/Facial_Rec/.venv/lib/python3.12/site-packages/tornado/websocket.py", line 1115, in wrapper
    raise WebSocketClosedError()
tornado.websocket.WebSocketClosedError
Task exception was never retrieved
future: <Task finished name='Task-1741' coro=<WebSocketProtocol13.write_message.<locals>.wrapper() done, defined at /home/aispark/Project/Facial_Rec/.venv/lib/python3.12/site-packages/tornado/websocket.py:1111> exception=WebSocketClosedError()>
Traceback (most recent call last):
  File "/home/aispark/Project/Facial_Rec/.venv/lib/python3.12/site-packages/tornado/websocket.py", line 1113, in wrapper
    await fut
tornado.iostream.StreamClosedError: Stream is closed

During handling of the above exception, another exception occurred:

Traceback (most recent call last):
  File "/home/aispark/Project/Facial_Rec/.venv/lib/python3.12/site-packages/tornado/websocket.py", line 1115, in wrapper
    raise WebSocketClosedError()
tornado.websocket.WebSocketClosedError
Task exception was never retrieved
future: <Task finished name='Task-1742' coro=<WebSocketProtocol13.write_message.<locals>.wrapper() done, defined at /home/aispark/Project/Facial_Rec/.venv/lib/python3.12/site-packages/tornado/websocket.py:1111> exception=WebSocketClosedError()>
Traceback (most recent call last):
  File "/home/aispark/Project/Facial_Rec/.venv/lib/python3.12/site-packages/tornado/websocket.py", line 1113, in wrapper
    await fut
tornado.iostream.StreamClosedError: Stream is closed

During handling of the above exception, another exception occurred:

Traceback (most recent call last):
  File "/home/aispark/Project/Facial_Rec/.venv/lib/python3.12/site-packages/tornado/websocket.py", line 1115, in wrapper
    raise WebSocketClosedError()
tornado.websocket.WebSocketClosedError
Task exception was never retrieved
future: <Task finished name='Task-1897' coro=<WebSocketProtocol13.write_message.<locals>.wrapper() done, defined at /home/aispark/Project/Facial_Rec/.venv/lib/python3.12/site-packages/tornado/websocket.py:1111> exception=WebSocketClosedError()>
Traceback (most recent call last):
  File "/home/aispark/Project/Facial_Rec/.venv/lib/python3.12/site-packages/tornado/websocket.py", line 1113, in wrapper
    await fut
tornado.iostream.StreamClosedError: Stream is closed

During handling of the above exception, another exception occurred:

Traceback (most recent call last):
  File "/home/aispark/Project/Facial_Rec/.venv/lib/python3.12/site-packages/tornado/websocket.py", line 1115, in wrapper
    raise WebSocketClosedError()
tornado.websocket.WebSocketClosedError
Task exception was never retrieved
future: <Task finished name='Task-1898' coro=<WebSocketProtocol13.write_message.<locals>.wrapper() done, defined at /home/aispark/Project/Facial_Rec/.venv/lib/python3.12/site-packages/tornado/websocket.py:1111> exception=WebSocketClosedError()>
Traceback (most recent call last):
  File "/home/aispark/Project/Facial_Rec/.venv/lib/python3.12/site-packages/tornado/websocket.py", line 1113, in wrapper
    await fut
tornado.iostream.StreamClosedError: Stream is closed

During handling of the above exception, another exception occurred:

Traceback (most recent call last):
  File "/home/aispark/Project/Facial_Rec/.venv/lib/python3.12/site-packages/tornado/websocket.py", line 1115, in wrapper
    raise WebSocketClosedError()
tornado.websocket.WebSocketClosedError
Task exception was never retrieved
future: <Task finished name='Task-1899' coro=<WebSocketProtocol13.write_message.<locals>.wrapper() done, defined at /home/aispark/Project/Facial_Rec/.venv/lib/python3.12/site-packages/tornado/websocket.py:1111> exception=WebSocketClosedError()>
Traceback (most recent call last):
  File "/home/aispark/Project/Facial_Rec/.venv/lib/python3.12/site-packages/tornado/websocket.py", line 1113, in wrapper
    await fut
tornado.iostream.StreamClosedError: Stream is closed

During handling of the above exception, another exception occurred:

Traceback (most recent call last):
  File "/home/aispark/Project/Facial_Rec/.venv/lib/python3.12/site-packages/tornado/websocket.py", line 1115, in wrapper
    raise WebSocketClosedError()
tornado.websocket.WebSocketClosedError
[I 2026-01-23 20:07:32.990 ServerApp] Adapting from protocol version 5.3 (kernel 40d36a4c-bf13-4484-963d-710179362531) to 5.4 (client).
[I 2026-01-23 20:07:32.990 ServerApp] Connecting to kernel 40d36a4c-bf13-4484-963d-710179362531.
[I 2026-01-23 20:07:32.990 ServerApp] Restoring connection for 40d36a4c-bf13-4484-963d-710179362531:03a3b0c2-39d3-43b0-9d94-06f1ff0ed549
[W 2026-01-23 20:07:43.394 ServerApp] 404 GET /api/contents/.venv/lib/python3.12/site-packages/sklearn/base.py?content=0&hash=0&1769198863357 (f1ec6b7d3c544db2b8e8b0eb60b563f1@127.0.0.1) 0.53ms referer=http://localhost:11002/lab
[I 2026-01-23 20:07:43.394 ServerApp] Refusing to serve hidden file or directory '/home/aispark/Project/Facial_Rec/.venv/lib/python3.12/site-packages/sklearn/base.py', via 404 Error
[E 2026-01-23 20:07:43.394 ServerApp] Uncaught exception GET /api/contents/.venv/lib/python3.12/site-packages/sklearn/base.py?content=0&hash=0&1769198863357 (127.0.0.1)
    HTTPServerRequest(protocol='http', host='localhost:11002', method='GET', uri='/api/contents/.venv/lib/python3.12/site-packages/sklearn/base.py?content=0&hash=0&1769198863357', version='HTTP/1.1', remote_ip='127.0.0.1')
    Traceback (most recent call last):
      File "/home/aispark/Project/Facial_Rec/.venv/lib/python3.12/site-packages/jupyter_server/services/contents/handlers.py", line 156, in get
        model = await ensure_async(
                ^^^^^^^^^^^^^^^^^^^
      File "/home/aispark/Project/Facial_Rec/.venv/lib/python3.12/site-packages/jupyter_core/utils/__init__.py", line 214, in ensure_async
        result = await obj
                 ^^^^^^^^^
      File "/home/aispark/Project/Facial_Rec/.venv/lib/python3.12/site-packages/jupyter_server/services/contents/filemanager.py", line 928, in get
        model = await self._file_model(
                ^^^^^^^^^^^^^^^^^^^^^^^
      File "/home/aispark/Project/Facial_Rec/.venv/lib/python3.12/site-packages/jupyter_server/services/contents/filemanager.py", line 829, in _file_model
        model = self._base_model(path)
                ^^^^^^^^^^^^^^^^^^^^^^
      File "/home/aispark/Project/Facial_Rec/.venv/lib/python3.12/site-packages/jupyter_server/services/contents/filemanager.py", line 237, in _base_model
        raise web.HTTPError(404, four_o_four)
    tornado.web.HTTPError: HTTP 404: Not Found (file or directory does not exist: '.venv/lib/python3.12/site-packages/sklearn/base.py')
    
    During handling of the above exception, another exception occurred:
    
    Traceback (most recent call last):
      File "/home/aispark/Project/Facial_Rec/.venv/lib/python3.12/site-packages/tornado/web.py", line 1859, in _execute
        result = await result
                 ^^^^^^^^^^^^
      File "/home/aispark/Project/Facial_Rec/.venv/lib/python3.12/site-packages/jupyter_server/auth/decorator.py", line 73, in inner
        return await out
               ^^^^^^^^^
      File "/home/aispark/Project/Facial_Rec/.venv/lib/python3.12/site-packages/jupyter_server/services/contents/handlers.py", line 182, in get
        await self._finish_error(
      File "/home/aispark/Project/Facial_Rec/.venv/lib/python3.12/site-packages/jupyter_server/services/contents/handlers.py", line 114, in _finish_error
        self.write(message)
      File "/home/aispark/Project/Facial_Rec/.venv/lib/python3.12/site-packages/tornado/web.py", line 974, in write
        raise RuntimeError("Cannot write() after finish()")
    RuntimeError: Cannot write() after finish()
[I 2026-01-23 20:08:26.494 ServerApp] Saving file at /2_Train_FaceRecognition_with_ML/06_FRM_predictions.ipynb
[W 2026-01-23 20:08:26.550 ServerApp] /home/aispark/Project/Facial_Rec/2_Train_FaceRecognition_with_ML/.~06_FRM_predictions.ipynb doesn't exist
[I 2026-01-23 20:09:57.534 ServerApp] Kernel restarted: 40d36a4c-bf13-4484-963d-710179362531
[I 2026-01-23 20:09:57.582 ServerApp] Starting buffering for 40d36a4c-bf13-4484-963d-710179362531:03a3b0c2-39d3-43b0-9d94-06f1ff0ed549
[I 2026-01-23 20:09:57.617 ServerApp] Adapting from protocol version 5.3 (kernel 40d36a4c-bf13-4484-963d-710179362531) to 5.4 (client).
[I 2026-01-23 20:09:57.617 ServerApp] Connecting to kernel 40d36a4c-bf13-4484-963d-710179362531.
[I 2026-01-23 20:09:57.618 ServerApp] Restoring connection for 40d36a4c-bf13-4484-963d-710179362531:03a3b0c2-39d3-43b0-9d94-06f1ff0ed549
[I 2026-01-23 20:10:44.461 ServerApp] Saving file at /2_Train_FaceRecognition_with_ML/06_FRM_predictions.ipynb
[W 2026-01-23 20:10:44.513 ServerApp] /home/aispark/Project/Facial_Rec/2_Train_FaceRecognition_with_ML/.~06_FRM_predictions.ipynb doesn't exist
[W 2026-01-23 20:10:59.764 ServerApp] 404 GET /api/contents/.venv/lib/python3.12/site-packages/sklearn/base.py?content=0&hash=0&1769199059733 (f1ec6b7d3c544db2b8e8b0eb60b563f1@127.0.0.1) 0.54ms referer=http://localhost:11002/lab
[I 2026-01-23 20:10:59.765 ServerApp] Refusing to serve hidden file or directory '/home/aispark/Project/Facial_Rec/.venv/lib/python3.12/site-packages/sklearn/base.py', via 404 Error
[E 2026-01-23 20:10:59.765 ServerApp] Uncaught exception GET /api/contents/.venv/lib/python3.12/site-packages/sklearn/base.py?content=0&hash=0&1769199059733 (127.0.0.1)
    HTTPServerRequest(protocol='http', host='localhost:11002', method='GET', uri='/api/contents/.venv/lib/python3.12/site-packages/sklearn/base.py?content=0&hash=0&1769199059733', version='HTTP/1.1', remote_ip='127.0.0.1')
    Traceback (most recent call last):
      File "/home/aispark/Project/Facial_Rec/.venv/lib/python3.12/site-packages/jupyter_server/services/contents/handlers.py", line 156, in get
        model = await ensure_async(
                ^^^^^^^^^^^^^^^^^^^
      File "/home/aispark/Project/Facial_Rec/.venv/lib/python3.12/site-packages/jupyter_core/utils/__init__.py", line 214, in ensure_async
        result = await obj
                 ^^^^^^^^^
      File "/home/aispark/Project/Facial_Rec/.venv/lib/python3.12/site-packages/jupyter_server/services/contents/filemanager.py", line 928, in get
        model = await self._file_model(
                ^^^^^^^^^^^^^^^^^^^^^^^
      File "/home/aispark/Project/Facial_Rec/.venv/lib/python3.12/site-packages/jupyter_server/services/contents/filemanager.py", line 829, in _file_model
        model = self._base_model(path)
                ^^^^^^^^^^^^^^^^^^^^^^
      File "/home/aispark/Project/Facial_Rec/.venv/lib/python3.12/site-packages/jupyter_server/services/contents/filemanager.py", line 237, in _base_model
        raise web.HTTPError(404, four_o_four)
    tornado.web.HTTPError: HTTP 404: Not Found (file or directory does not exist: '.venv/lib/python3.12/site-packages/sklearn/base.py')
    
    During handling of the above exception, another exception occurred:
    
    Traceback (most recent call last):
      File "/home/aispark/Project/Facial_Rec/.venv/lib/python3.12/site-packages/tornado/web.py", line 1859, in _execute
        result = await result
                 ^^^^^^^^^^^^
      File "/home/aispark/Project/Facial_Rec/.venv/lib/python3.12/site-packages/jupyter_server/auth/decorator.py", line 73, in inner
        return await out
               ^^^^^^^^^
      File "/home/aispark/Project/Facial_Rec/.venv/lib/python3.12/site-packages/jupyter_server/services/contents/handlers.py", line 182, in get
        await self._finish_error(
      File "/home/aispark/Project/Facial_Rec/.venv/lib/python3.12/site-packages/jupyter_server/services/contents/handlers.py", line 114, in _finish_error
        self.write(message)
      File "/home/aispark/Project/Facial_Rec/.venv/lib/python3.12/site-packages/tornado/web.py", line 974, in write
        raise RuntimeError("Cannot write() after finish()")
    RuntimeError: Cannot write() after finish()
[W 2026-01-23 20:11:32.578 ServerApp] 404 GET /output_video.mp4 (f1ec6b7d3c544db2b8e8b0eb60b563f1@127.0.0.1) 26.19ms referer=http://localhost:11002/lab
[I 2026-01-23 20:12:04.384 ServerApp] Saving file at /2_Train_FaceRecognition_with_ML/06_FRM_predictions.ipynb
